Log file open, 02/07/17 18:21:35
LogInit:Display: Running engine for game: FrostLine
LogPlatformFile: Not using cached read wrapper
LogInit:Display: RandInit(1614373595) SRandInit(1614373595).
LogTaskGraph: Started task graph with 5 named threads and 8 total threads with 1 sets of task threads.
LogStats: Stats thread started at 0.138553
LogPluginManager: Loaded Plugin Paper2D, From C:/Program Files (x86)/Epic Games/4.14/Engine/Plugins/2D/Paper2D/Paper2D.uplugin
LogPluginManager: Loaded Plugin LightPropagationVolume, From C:/Program Files (x86)/Epic Games/4.14/Engine/Plugins/Blendables/LightPropagationVolume/LightPropagationVolume.uplugin
LogPluginManager: Loaded Plugin BlankPlugin, From C:/Program Files (x86)/Epic Games/4.14/Engine/Plugins/Developer/BlankPlugin/BlankPlugin.uplugin
LogPluginManager: Loaded Plugin CodeLiteSourceCodeAccess, From C:/Program Files (x86)/Epic Games/4.14/Engine/Plugins/Developer/CodeLiteSourceCodeAccess/CodeLiteSourceCodeAccess.uplugin
LogPluginManager: Loaded Plugin GitSourceControl, From C:/Program Files (x86)/Epic Games/4.14/Engine/Plugins/Developer/GitSourceControl/GitSourceControl.uplugin
LogPluginManager: Loaded Plugin KDevelopSourceCodeAccess, From C:/Program Files (x86)/Epic Games/4.14/Engine/Plugins/Developer/KDevelopSourceCodeAccess/KDevelopSourceCodeAccess.uplugin
LogPluginManager: Loaded Plugin NullSourceCodeAccess, From C:/Program Files (x86)/Epic Games/4.14/Engine/Plugins/Developer/NullSourceCodeAccess/NullSourceCodeAccess.uplugin
LogPluginManager: Loaded Plugin OneSkyLocalizationService, From C:/Program Files (x86)/Epic Games/4.14/Engine/Plugins/Developer/OneSkyLocalizationService/OneSkyLocalizationService.uplugin
LogPluginManager: Loaded Plugin PerforceSourceControl, From C:/Program Files (x86)/Epic Games/4.14/Engine/Plugins/Developer/PerforceSourceControl/PerforceSourceControl.uplugin
LogPluginManager: Loaded Plugin SubversionSourceControl, From C:/Program Files (x86)/Epic Games/4.14/Engine/Plugins/Developer/SubversionSourceControl/SubversionSourceControl.uplugin
LogPluginManager: Loaded Plugin UObjectPlugin, From C:/Program Files (x86)/Epic Games/4.14/Engine/Plugins/Developer/UObjectPlugin/UObjectPlugin.uplugin
LogPluginManager: Loaded Plugin VisualStudioSourceCodeAccess, From C:/Program Files (x86)/Epic Games/4.14/Engine/Plugins/Developer/VisualStudioSourceCodeAccess/VisualStudioSourceCodeAccess.uplugin
LogPluginManager: Loaded Plugin XCodeSourceCodeAccess, From C:/Program Files (x86)/Epic Games/4.14/Engine/Plugins/Developer/XCodeSourceCodeAccess/XCodeSourceCodeAccess.uplugin
LogPluginManager: Loaded Plugin AudioCapture, From C:/Program Files (x86)/Epic Games/4.14/Engine/Plugins/Editor/AudioCapture/AudioCapture.uplugin
LogPluginManager: Loaded Plugin EpicSurvey, From C:/Program Files (x86)/Epic Games/4.14/Engine/Plugins/Editor/EpicSurvey/EpicSurvey.uplugin
LogPluginManager: Loaded Plugin MacGraphicsSwitching, From C:/Program Files (x86)/Epic Games/4.14/Engine/Plugins/Editor/MacGraphicsSwitching/MacGraphicsSwitching.uplugin
LogPluginManager: Loaded Plugin MobileLauncherProfileWizard, From C:/Program Files (x86)/Epic Games/4.14/Engine/Plugins/Editor/MobileLauncherProfileWizard/MobileLauncherProfileWizard.uplugin
LogPluginManager: Loaded Plugin PluginBrowser, From C:/Program Files (x86)/Epic Games/4.14/Engine/Plugins/Editor/PluginBrowser/PluginBrowser.uplugin
LogPluginManager: Loaded Plugin SpeedTreeImporter, From C:/Program Files (x86)/Epic Games/4.14/Engine/Plugins/Editor/SpeedTreeImporter/SpeedTreeImporter.uplugin
LogPluginManager: Loaded Plugin SuperSearchEditor, From C:/Program Files (x86)/Epic Games/4.14/Engine/Plugins/Editor/SuperSearchEditor/SuperSearchEditor.uplugin
LogPluginManager: Loaded Plugin AlembicImporter, From C:/Program Files (x86)/Epic Games/4.14/Engine/Plugins/Experimental/AlembicImporter/AlembicImporter.uplugin
LogPluginManager: Loaded Plugin BlueprintStats, From C:/Program Files (x86)/Epic Games/4.14/Engine/Plugins/Experimental/BlueprintStats/BlueprintStats.uplugin
LogPluginManager: Loaded Plugin CharacterAI, From C:/Program Files (x86)/Epic Games/4.14/Engine/Plugins/Experimental/CharacterAI/CharacterAI.uplugin
LogPluginManager: Loaded Plugin CodeEditor, From C:/Program Files (x86)/Epic Games/4.14/Engine/Plugins/Experimental/CodeEditor/CodeEditor.uplugin
LogPluginManager: Loaded Plugin CodeView, From C:/Program Files (x86)/Epic Games/4.14/Engine/Plugins/Experimental/CodeView/CodeView.uplugin
LogPluginManager: Loaded Plugin HTML5Networking, From C:/Program Files (x86)/Epic Games/4.14/Engine/Plugins/Experimental/HTML5Networking/HTML5Networking.uplugin
LogPluginManager: Loaded Plugin OSVR, From C:/Program Files (x86)/Epic Games/4.14/Engine/Plugins/Experimental/OSVR/OSVR.uplugin
LogPluginManager: Loaded Plugin Phya, From C:/Program Files (x86)/Epic Games/4.14/Engine/Plugins/Experimental/Phya/Phya.uplugin
LogPluginManager: Loaded Plugin SignificanceManager, From C:/Program Files (x86)/Epic Games/4.14/Engine/Plugins/Experimental/SignificanceManager/SignificanceManager.uplugin
LogPluginManager: Loaded Plugin SimpleHMD, From C:/Program Files (x86)/Epic Games/4.14/Engine/Plugins/Experimental/SimpleHMD/SimpleHMD.uplugin
LogPluginManager: Loaded Plugin StereoPanorama, From C:/Program Files (x86)/Epic Games/4.14/Engine/Plugins/Experimental/StereoPanorama/StereoPanorama.uplugin
LogPluginManager: Loaded Plugin StructBox, From C:/Program Files (x86)/Epic Games/4.14/Engine/Plugins/Experimental/StructBox/StructBox.uplugin
LogPluginManager: Loaded Plugin AndroidMedia, From C:/Program Files (x86)/Epic Games/4.14/Engine/Plugins/Media/AndroidMedia/AndroidMedia.uplugin
LogPluginManager: Loaded Plugin AvfMedia, From C:/Program Files (x86)/Epic Games/4.14/Engine/Plugins/Media/AvfMedia/AvfMedia.uplugin
LogPluginManager: Loaded Plugin MediaPlayerEditor, From C:/Program Files (x86)/Epic Games/4.14/Engine/Plugins/Media/MediaPlayerEditor/MediaPlayerEditor.uplugin
LogPluginManager: Loaded Plugin WmfMedia, From C:/Program Files (x86)/Epic Games/4.14/Engine/Plugins/Media/WmfMedia/WmfMedia.uplugin
LogPluginManager: Loaded Plugin MessagingDebugger, From C:/Program Files (x86)/Epic Games/4.14/Engine/Plugins/Messaging/MessagingDebugger/MessagingDebugger.uplugin
LogPluginManager: Loaded Plugin TcpMessaging, From C:/Program Files (x86)/Epic Games/4.14/Engine/Plugins/Messaging/TcpMessaging/TcpMessaging.uplugin
LogPluginManager: Loaded Plugin UdpMessaging, From C:/Program Files (x86)/Epic Games/4.14/Engine/Plugins/Messaging/UdpMessaging/UdpMessaging.uplugin
LogPluginManager: Loaded Plugin LevelSequenceEditor, From C:/Program Files (x86)/Epic Games/4.14/Engine/Plugins/MovieScene/LevelSequenceEditor/LevelSequenceEditor.uplugin
LogPluginManager: Loaded Plugin MatineeToLevelSequence, From C:/Program Files (x86)/Epic Games/4.14/Engine/Plugins/MovieScene/MatineeToLevelSequence/MatineeToLevelSequence.uplugin
LogPluginManager: Loaded Plugin NetcodeUnitTest, From C:/Program Files (x86)/Epic Games/4.14/Engine/Plugins/NetcodeUnitTest/NetcodeUnitTest/NetcodeUnitTest.uplugin
LogPluginManager: Loaded Plugin NUTUnrealEngine4, From C:/Program Files (x86)/Epic Games/4.14/Engine/Plugins/NetcodeUnitTest/NUTUnrealEngine4/NUTUnrealEngine4.uplugin
LogPluginManager: Loaded Plugin OnlineSubsystemGameCircle, From C:/Program Files (x86)/Epic Games/4.14/Engine/Plugins/Online/Android/OnlineSubsystemGameCircle/OnlineSubsystemGameCircle.uplugin
LogPluginManager: Loaded Plugin OnlineSubsystemGooglePlay, From C:/Program Files (x86)/Epic Games/4.14/Engine/Plugins/Online/Android/OnlineSubsystemGooglePlay/OnlineSubsystemGooglePlay.uplugin
LogPluginManager: Loaded Plugin OnlineSubsystemIOS, From C:/Program Files (x86)/Epic Games/4.14/Engine/Plugins/Online/IOS/OnlineSubsystemIOS/OnlineSubsystemIOS.uplugin
LogPluginManager: Loaded Plugin OnlineFramework, From C:/Program Files (x86)/Epic Games/4.14/Engine/Plugins/Online/OnlineFramework/OnlineFramework.uplugin
LogPluginManager: Loaded Plugin OnlineSubsystem, From C:/Program Files (x86)/Epic Games/4.14/Engine/Plugins/Online/OnlineSubsystem/OnlineSubsystem.uplugin
LogPluginManager: Loaded Plugin OnlineSubsystemAmazon, From C:/Program Files (x86)/Epic Games/4.14/Engine/Plugins/Online/OnlineSubsystemAmazon/OnlineSubsystemAmazon.uplugin
LogPluginManager: Loaded Plugin OnlineSubsystemFacebook, From C:/Program Files (x86)/Epic Games/4.14/Engine/Plugins/Online/OnlineSubsystemFacebook/OnlineSubsystemFacebook.uplugin
LogPluginManager: Loaded Plugin OnlineSubsystemNull, From C:/Program Files (x86)/Epic Games/4.14/Engine/Plugins/Online/OnlineSubsystemNull/OnlineSubsystemNull.uplugin
LogPluginManager: Loaded Plugin OnlineSubsystemOculus, From C:/Program Files (x86)/Epic Games/4.14/Engine/Plugins/Online/OnlineSubsystemOculus/OnlineSubsystemOculus.uplugin
LogPluginManager: Loaded Plugin OnlineSubsystemSteam, From C:/Program Files (x86)/Epic Games/4.14/Engine/Plugins/Online/OnlineSubsystemSteam/OnlineSubsystemSteam.uplugin
LogPluginManager: Loaded Plugin OnlineSubsystemUtils, From C:/Program Files (x86)/Epic Games/4.14/Engine/Plugins/Online/OnlineSubsystemUtils/OnlineSubsystemUtils.uplugin
LogPluginManager: Loaded Plugin IOSTapJoy, From C:/Program Files (x86)/Epic Games/4.14/Engine/Plugins/Runtime/Advertising/IOSTapJoy/IOSTapJoy.uplugin
LogPluginManager: Loaded Plugin AnalyticsBlueprintLibrary, From C:/Program Files (x86)/Epic Games/4.14/Engine/Plugins/Runtime/Analytics/AnalyticsBlueprintLibrary/AnalyticsBlueprintLibrary.uplugin
LogPluginManager: Loaded Plugin AnalyticsMulticast, From C:/Program Files (x86)/Epic Games/4.14/Engine/Plugins/Runtime/Analytics/AnalyticsMulticast/AnalyticsMulticast.uplugin
LogPluginManager: Loaded Plugin Apsalar, From C:/Program Files (x86)/Epic Games/4.14/Engine/Plugins/Runtime/Analytics/Apsalar/Apsalar.uplugin
LogPluginManager: Loaded Plugin FileLogging, From C:/Program Files (x86)/Epic Games/4.14/Engine/Plugins/Runtime/Analytics/FileLogging/FileLogging.uplugin
LogPluginManager: Loaded Plugin Flurry, From C:/Program Files (x86)/Epic Games/4.14/Engine/Plugins/Runtime/Analytics/Flurry/Flurry.uplugin
LogPluginManager: Loaded Plugin AndroidDeviceProfileSelector, From C:/Program Files (x86)/Epic Games/4.14/Engine/Plugins/Runtime/AndroidDeviceProfileSelector/AndroidDeviceProfileSelector.uplugin
LogPluginManager: Loaded Plugin AndroidMoviePlayer, From C:/Program Files (x86)/Epic Games/4.14/Engine/Plugins/Runtime/AndroidMoviePlayer/AndroidMoviePlayer.uplugin
LogPluginManager: Loaded Plugin AppleMoviePlayer, From C:/Program Files (x86)/Epic Games/4.14/Engine/Plugins/Runtime/AppleMoviePlayer/AppleMoviePlayer.uplugin
LogPluginManager: Loaded Plugin ArchVisCharacter, From C:/Program Files (x86)/Epic Games/4.14/Engine/Plugins/Runtime/ArchVisCharacter/ArchVisCharacter.uplugin
LogPluginManager: Loaded Plugin CableComponent, From C:/Program Files (x86)/Epic Games/4.14/Engine/Plugins/Runtime/CableComponent/CableComponent.uplugin
LogPluginManager: Loaded Plugin CustomMeshComponent, From C:/Program Files (x86)/Epic Games/4.14/Engine/Plugins/Runtime/CustomMeshComponent/CustomMeshComponent.uplugin
LogPluginManager: Loaded Plugin ExampleDeviceProfileSelector, From C:/Program Files (x86)/Epic Games/4.14/Engine/Plugins/Runtime/ExampleDeviceProfileSelector/ExampleDeviceProfileSelector.uplugin
LogPluginManager: Loaded Plugin GearVR, From C:/Program Files (x86)/Epic Games/4.14/Engine/Plugins/Runtime/GearVR/GearVR.uplugin
LogPluginManager: Loaded Plugin GoogleVRController, From C:/Program Files (x86)/Epic Games/4.14/Engine/Plugins/Runtime/GoogleVR/GoogleVRController/GoogleVRController.uplugin
LogPluginManager: Loaded Plugin GoogleVRHMD, From C:/Program Files (x86)/Epic Games/4.14/Engine/Plugins/Runtime/GoogleVR/GoogleVRHMD/GoogleVRHMD.uplugin
LogPluginManager: Loaded Plugin IOSDeviceProfileSelector, From C:/Program Files (x86)/Epic Games/4.14/Engine/Plugins/Runtime/IOSDeviceProfileSelector/IOSDeviceProfileSelector.uplugin
LogPluginManager: Loaded Plugin LeapMotion, From C:/Program Files (x86)/Epic Games/4.14/Engine/Plugins/Runtime/LeapMotion/LeapMotion.uplugin
LogPluginManager: Loaded Plugin LinuxDeviceProfileSelector, From C:/Program Files (x86)/Epic Games/4.14/Engine/Plugins/Runtime/LinuxDeviceProfileSelector/LinuxDeviceProfileSelector.uplugin
LogPluginManager: Loaded Plugin MIDIDevice, From C:/Program Files (x86)/Epic Games/4.14/Engine/Plugins/Runtime/MIDIDevice/MIDIDevice.uplugin
LogPluginManager: Loaded Plugin MobilePatchingUtils, From C:/Program Files (x86)/Epic Games/4.14/Engine/Plugins/Runtime/MobilePatchingUtils/MobilePatchingUtils.uplugin
LogPluginManager: Loaded Plugin Ansel, From C:/Program Files (x86)/Epic Games/4.14/Engine/Plugins/Runtime/Nvidia/Ansel/Ansel.uplugin
LogPluginManager: Loaded Plugin OculusAudio, From C:/Program Files (x86)/Epic Games/4.14/Engine/Plugins/Runtime/OculusAudio/OculusAudio.uplugin
LogPluginManager: Loaded Plugin OculusInput, From C:/Program Files (x86)/Epic Games/4.14/Engine/Plugins/Runtime/OculusInput/OculusInput.uplugin
LogPluginManager: Loaded Plugin OculusLibrary, From C:/Program Files (x86)/Epic Games/4.14/Engine/Plugins/Runtime/OculusLibrary/OculusLibrary.uplugin
LogPluginManager: Loaded Plugin OculusRift, From C:/Program Files (x86)/Epic Games/4.14/Engine/Plugins/Runtime/OculusRift/OculusRift.uplugin
LogPluginManager: Loaded Plugin Oodle, From C:/Program Files (x86)/Epic Games/4.14/Engine/Plugins/Runtime/PacketHandlers/CompressionComponents/Oodle/Oodle.uplugin
LogPluginManager: Loaded Plugin ProceduralMeshComponent, From C:/Program Files (x86)/Epic Games/4.14/Engine/Plugins/Runtime/ProceduralMeshComponent/ProceduralMeshComponent.uplugin
LogPluginManager: Loaded Plugin SoundMod, From C:/Program Files (x86)/Epic Games/4.14/Engine/Plugins/Runtime/SoundMod/SoundMod.uplugin
LogPluginManager: Loaded Plugin SoundVisualizations, From C:/Program Files (x86)/Epic Games/4.14/Engine/Plugins/Runtime/SoundVisualizations/SoundVisualizations.uplugin
LogPluginManager: Loaded Plugin SteamController, From C:/Program Files (x86)/Epic Games/4.14/Engine/Plugins/Runtime/Steam/SteamController/SteamController.uplugin
LogPluginManager: Loaded Plugin SteamVR, From C:/Program Files (x86)/Epic Games/4.14/Engine/Plugins/Runtime/Steam/SteamVR/SteamVR.uplugin
LogPluginManager: Loaded Plugin WebBrowserWidget, From C:/Program Files (x86)/Epic Games/4.14/Engine/Plugins/Runtime/WebBrowserWidget/WebBrowserWidget.uplugin
LogPluginManager: Loaded Plugin WindowsDeviceProfileSelector, From C:/Program Files (x86)/Epic Games/4.14/Engine/Plugins/Runtime/WindowsDeviceProfileSelector/WindowsDeviceProfileSelector.uplugin
LogPluginManager: Loaded Plugin WindowsMoviePlayer, From C:/Program Files (x86)/Epic Games/4.14/Engine/Plugins/Runtime/WindowsMoviePlayer/WindowsMoviePlayer.uplugin
LogPluginManager: Loaded Plugin ScriptPlugin, From C:/Program Files (x86)/Epic Games/4.14/Engine/Plugins/ScriptPlugin/ScriptPlugin.uplugin
LogPluginManager: Loaded Plugin SlateRemote, From C:/Program Files (x86)/Epic Games/4.14/Engine/Plugins/Slate/SlateRemote/SlateRemote.uplugin
LogPluginManager: Loaded Plugin EditorTests, From C:/Program Files (x86)/Epic Games/4.14/Engine/Plugins/Tests/EditorTests/EditorTests.uplugin
LogPluginManager: Loaded Plugin FbxAutomationTestBuilder, From C:/Program Files (x86)/Epic Games/4.14/Engine/Plugins/Tests/FbxAutomationTestBuilder/FbxAutomationTestBuilder.uplugin
LogPluginManager: Loaded Plugin FunctionalTestingEditor, From C:/Program Files (x86)/Epic Games/4.14/Engine/Plugins/Tests/FunctionalTestingEditor/FunctionalTestingEditor.uplugin
LogPluginManager: Loaded Plugin RuntimeTests, From C:/Program Files (x86)/Epic Games/4.14/Engine/Plugins/Tests/RuntimeTests/RuntimeTests.uplugin
LogPluginManager: Loaded Plugin ScreenshotTools, From C:/Program Files (x86)/Epic Games/4.14/Engine/Plugins/Tests/ScreenshotTools/ScreenshotTools.uplugin
LogInit: Using libcurl 7.47.1
LogInit:  - built for x86_64-pc-win32
LogInit:  - supports SSL with OpenSSL/1.0.2g
LogInit:  - supports HTTP deflate (compression) using libz 1.2.8
LogInit:  - other features:
LogInit:      CURL_VERSION_SSL
LogInit:      CURL_VERSION_LIBZ
LogInit:      CURL_VERSION_IPV6
LogInit:      CURL_VERSION_ASYNCHDNS
LogInit:      CURL_VERSION_LARGEFILE
LogInit:      CURL_VERSION_IDN
LogInit:  CurlRequestOptions (configurable via config and command line):
LogInit:  - bVerifyPeer = false  - Libcurl will NOT verify peer certificate
LogInit:  - bUseHttpProxy = false  - Libcurl will NOT use HTTP proxy
LogInit:  - bDontReuseConnections = false  - Libcurl will reuse connections
LogInit:  - CertBundlePath = nullptr  - Libcurl will use whatever was configured at build time.
LogInit: Build: ++UE4+Release-4.14-CL-3249277
LogInit: Engine Version: 4.14.3-3249277+++UE4+Release-4.14
LogInit: Compatible Engine Version: 4.14.0-3195953+++UE4+Release-4.14
LogInit: Net CL: 3195953
LogDevObjectVersion: Number of dev versions registered: 13
LogDevObjectVersion:   Dev-Blueprints (B0D832E4-1F89-4F0D-ACCF-7EB736FD4AA2): 7
LogDevObjectVersion:   Dev-Build (E1C64328-A22C-4D53-A36C-8E866417BD8C): 0
LogDevObjectVersion:   Dev-Core (375EC13C-06E4-48FB-B500-84F0262A717E): 1
LogDevObjectVersion:   Dev-Editor (E4B068ED-F494-42E9-A231-DA0B2E46BB41): 8
LogDevObjectVersion:   Dev-Framework (CFFC743F-43B0-4480-9391-14DF171D2073): 17
LogDevObjectVersion:   Dev-Mobile (B02B49B5-BB20-44E9-A304-32B752E40360): 0
LogDevObjectVersion:   Dev-Networking (A4E4105C-59A1-49B5-A7C5-40C4547EDFEE): 0
LogDevObjectVersion:   Dev-Online (39C831C9-5AE6-47DC-9A44-9C173E1C8E7C): 0
LogDevObjectVersion:   Dev-Physics (78F01B33-EBEA-4F98-B9B4-84EACCB95AA2): 0
LogDevObjectVersion:   Dev-Platform (6631380F-2D4D-43E0-8009-CF276956A95A): 0
LogDevObjectVersion:   Dev-Rendering (12F88B9F-8875-4AFC-A67C-D90C383ABD29): 12
LogDevObjectVersion:   Dev-Sequencer (7B5AE74C-D270-4C10-A958-57980B212A5A): 1
LogDevObjectVersion:   Dev-VR (D7296918-1DD6-4BDD-9DE2-64A83CC13884): 0
LogInit: Compiled (64-bit): Jan  6 2017 10:49:43
LogInit: Compiled with Visual C++: 19.00.23026.00
LogInit: Build Configuration: Development
LogInit: Branch Name: ++UE4+Release-4.14
LogInit: Command line: -EpicPortal 
LogInit: Base directory: C:/Program Files (x86)/Epic Games/4.14/Engine/Binaries/Win64/
LogInit: Installed Engine Build: 1
LogInit: Presizing for max 8388607 objects, including 0 objects not considered by GC, pre-allocating 0 bytes for permanent pool.
LogInit: Object subsystem initialized
[2017.02.07-23.21.36:097][  0]LogInit: Selected Device Profile: [Windows]
[2017.02.07-23.21.36:097][  0]LogInit: Applying CVar settings loaded from the selected device profile: [Windows]
[2017.02.07-23.21.36:112][  0]LogInit: Computer: CND4220H97
[2017.02.07-23.21.36:112][  0]LogInit: User: jgonzale5
[2017.02.07-23.21.36:112][  0]LogInit: CPU Page size=65536, Cores=4
[2017.02.07-23.21.36:112][  0]LogInit: High frequency timer resolution =2.630639 MHz
[2017.02.07-23.21.36:112][  0]LogMemory: Memory total: Physical=15.4GB (16GB approx)
[2017.02.07-23.21.36:112][  0]LogMemory: Platform Memory Stats for Windows
[2017.02.07-23.21.36:112][  0]LogMemory: Process Physical Memory: 262.62 MB used, 262.62 MB peak
[2017.02.07-23.21.36:112][  0]LogMemory: Process Virtual Memory: 262.70 MB used, 262.70 MB peak
[2017.02.07-23.21.36:112][  0]LogMemory: Physical Memory: 6154.51 MB used,  9646.59 MB free, 15801.11 MB total
[2017.02.07-23.21.36:112][  0]LogMemory: Virtual Memory: 660.11 MB used,  9646.59 MB free, 134217728.00 MB total
[2017.02.07-23.21.36:140][  0]LogTextLocalizationManager: No specific translations for ('en-US') exist, so ('en') translations will be used.
[2017.02.07-23.21.36:852][  0]LogD3D11RHI: D3D11 adapters:
[2017.02.07-23.21.36:885][  0]LogD3D11RHI:    0. 'NVIDIA Quadro K2100M' (Feature Level 11_0)
[2017.02.07-23.21.36:885][  0]LogD3D11RHI:       1958/0/7900 MB DedicatedVideo/DedicatedSystem/SharedSystem, Outputs:1, VendorId:0x10de
[2017.02.07-23.21.36:940][  0]LogD3D11RHI:    1. 'NVIDIA Quadro K2100M' (Feature Level 11_0)
[2017.02.07-23.21.36:940][  0]LogD3D11RHI:       1958/0/7900 MB DedicatedVideo/DedicatedSystem/SharedSystem, Outputs:0, VendorId:0x10de
[2017.02.07-23.21.36:944][  0]LogD3D11RHI:    2. 'Microsoft Basic Render Driver' (Feature Level 11_0)
[2017.02.07-23.21.36:944][  0]LogD3D11RHI:       1958/0/7900 MB DedicatedVideo/DedicatedSystem/SharedSystem, Outputs:0, VendorId:0x1414
[2017.02.07-23.21.36:944][  0]LogD3D11RHI: Chosen D3D11 Adapter: 0
[2017.02.07-23.21.36:959][  0]LogD3D11RHI: Creating new Direct3DDevice
[2017.02.07-23.21.36:959][  0]LogD3D11RHI:     GPU DeviceId: 0x11fc (for the marketing name, search the web for "GPU Device Id")
[2017.02.07-23.21.36:959][  0]LogWindows: EnumDisplayDevices:
[2017.02.07-23.21.36:960][  0]LogWindows:    0. 'Intel(R) HD Graphics 4600' (P:1 D:1)
[2017.02.07-23.21.36:960][  0]LogWindows:    1. 'Intel(R) HD Graphics 4600' (P:0 D:0)
[2017.02.07-23.21.36:960][  0]LogWindows:    2. 'Intel(R) HD Graphics 4600' (P:0 D:0)
[2017.02.07-23.21.36:961][  0]LogWindows:    3. 'NVIDIA Quadro K2100M' (P:0 D:0)
[2017.02.07-23.21.36:961][  0]LogWindows:    4. 'NVIDIA Quadro K2100M' (P:0 D:0)
[2017.02.07-23.21.36:961][  0]LogWindows:    5. 'NVIDIA Quadro K2100M' (P:0 D:0)
[2017.02.07-23.21.36:962][  0]LogWindows:    6. 'NVIDIA Quadro K2100M' (P:0 D:0)
[2017.02.07-23.21.36:962][  0]LogWindows: DebugString: PrimaryIsNotTheChoosenAdapter PrimaryIsNotTheChoosenAdapter PrimaryIsNotTheChoosenAdapter FoundDriverCount:4 
[2017.02.07-23.21.36:962][  0]LogD3D11RHI:     Adapter Name: NVIDIA Quadro K2100M
[2017.02.07-23.21.36:962][  0]LogD3D11RHI:   Driver Version: 354.90 (internal:10.18.13.5490, unified:354.90)
[2017.02.07-23.21.36:962][  0]LogD3D11RHI:      Driver Date: 4-5-2016
[2017.02.07-23.21.36:962][  0]LogRHI: Texture pool is 1361 MB (70% of 1945 MB)
[2017.02.07-23.21.37:009][  0]LogD3D11RHI:Warning: Timestamp queries are currently disabled on this hardware due to instability. Realtime GPU stats will not be available. You can override this behaviour by setting r.NVIDIATimestampWorkaround to 0
[2017.02.07-23.21.37:009][  0]LogD3D11RHI: Async texture creation enabled
[2017.02.07-23.21.37:033][  0]LogD3D11RHI: GPU Timing Frequency: 1000.000000 (Debug: 2 2)
[2017.02.07-23.21.37:034][  0]LogShaderCompilers: Guid format shader working directory is -19 characters bigger than the processId version (../../../../../../Users/jgonzale5/Documents/Unreal Projects/FrostLine/Intermediate/Shaders/WorkingDirectory/2984/).
[2017.02.07-23.21.37:034][  0]LogShaderCompilers: Cleaned the shader compiler working directory 'C:/Users/jgonzale5/AppData/Local/Temp/UnrealShaderWorkingDir/87E480654B8E5B9CF4CA928299AE2076/'.
[2017.02.07-23.21.37:034][  0]LogShaderCompilers:Display: Using Local Shader Compiler.
[2017.02.07-23.21.38:418][  0]LogTemp:Display: Loaded TP AllDesktopTargetPlatform
[2017.02.07-23.21.38:520][  0]LogTemp:Display: Loaded TP MacClientTargetPlatform
[2017.02.07-23.21.38:607][  0]LogTemp:Display: Loaded TP MacNoEditorTargetPlatform
[2017.02.07-23.21.38:691][  0]LogTemp:Display: Loaded TP MacServerTargetPlatform
[2017.02.07-23.21.38:782][  0]LogTemp:Display: Loaded TP MacTargetPlatform
[2017.02.07-23.21.38:843][  0]LogTemp:Display: Loaded TP WindowsClientTargetPlatform
[2017.02.07-23.21.38:901][  0]LogTemp:Display: Loaded TP WindowsNoEditorTargetPlatform
[2017.02.07-23.21.38:960][  0]LogTemp:Display: Loaded TP WindowsServerTargetPlatform
[2017.02.07-23.21.39:008][  0]LogTemp:Display: Loaded TP WindowsTargetPlatform
[2017.02.07-23.21.39:067][  0]LogTemp:Display: Loaded TP AndroidTargetPlatform
[2017.02.07-23.21.39:124][  0]LogTemp:Display: Loaded TP Android_ASTCTargetPlatform
[2017.02.07-23.21.39:181][  0]LogTemp:Display: Loaded TP Android_ATCTargetPlatform
[2017.02.07-23.21.39:240][  0]LogTemp:Display: Loaded TP Android_DXTTargetPlatform
[2017.02.07-23.21.39:297][  0]LogTemp:Display: Loaded TP Android_ETC1TargetPlatform
[2017.02.07-23.21.39:356][  0]LogTemp:Display: Loaded TP Android_ETC2TargetPlatform
[2017.02.07-23.21.39:470][  0]LogTemp:Display: Loaded TP Android_MultiTargetPlatform
[2017.02.07-23.21.39:470][  0]LogTemp:Display: Loaded TP Android_PVRTCTargetPlatform
[2017.02.07-23.21.39:509][  0]LogTemp:Display: Loaded TP HTML5TargetPlatform
[2017.02.07-23.21.39:600][  0]LogTemp:Display: Loaded TP IOSTargetPlatform
[2017.02.07-23.21.39:639][  0]LogTemp:Display: Loaded TP TVOSTargetPlatform
[2017.02.07-23.21.39:696][  0]LogTemp:Display: Loaded TP LinuxClientTargetPlatform
[2017.02.07-23.21.39:753][  0]LogTemp:Display: Loaded TP LinuxNoEditorTargetPlatform
[2017.02.07-23.21.39:810][  0]LogTemp:Display: Loaded TP LinuxServerTargetPlatform
[2017.02.07-23.21.39:898][  0]LogTemp:Display: Loaded TP LinuxTargetPlatform
[2017.02.07-23.21.39:899][  0]LogTargetPlatformManager:Display: Building Assets For Windows
[2017.02.07-23.21.40:346][  0]LogDerivedDataCache:Display: Max Cache Size: 512 MB
[2017.02.07-23.21.40:409][  0]LogDerivedDataCache: Loaded boot cache 0.06s 50MB C:/Users/jgonzale5/AppData/Local/UnrealEngine/4.14/DerivedDataCache/Boot.ddc.
[2017.02.07-23.21.40:409][  0]LogDerivedDataCache:Display: Loaded Boot cache: C:/Users/jgonzale5/AppData/Local/UnrealEngine/4.14/DerivedDataCache/Boot.ddc
[2017.02.07-23.21.40:409][  0]LogDerivedDataCache: FDerivedDataBackendGraph:  Pak pak cache file ../../../../../../Users/jgonzale5/Documents/Unreal Projects/FrostLine/DerivedDataCache/DDC.ddp not found, will not use a pak cache.
[2017.02.07-23.21.40:409][  0]LogDerivedDataCache: Unable to find inner node Pak for hierarchical cache Hierarchy.
[2017.02.07-23.21.40:409][  0]LogDerivedDataCache: FDerivedDataBackendGraph:  CompressedPak pak cache file ../../../../../../Users/jgonzale5/Documents/Unreal Projects/FrostLine/DerivedDataCache/Compressed.ddp not found, will not use a pak cache.
[2017.02.07-23.21.40:409][  0]LogDerivedDataCache: Unable to find inner node CompressedPak for hierarchical cache Hierarchy.
[2017.02.07-23.21.40:430][  0]LogDerivedDataCache:Display: Pak cache opened for reading ../../../Engine/DerivedDataCache/Compressed.ddp.
[2017.02.07-23.21.40:442][  0]LogDerivedDataCache: Using Local data cache path C:/Users/jgonzale5/AppData/Local/UnrealEngine/Common/DerivedDataCache: Writable
[2017.02.07-23.21.40:670][  0]LogInit: Selected Device Profile: [Windows]
[2017.02.07-23.21.40:673][  0]LogContentStreaming: Texture pool size is 0.00 MB
[2017.02.07-23.21.40:892][  0]LogMeshUtilities: Using QuadricMeshReduction for automatic static mesh reduction
[2017.02.07-23.21.40:975][  0]LogSimplygon: Simplygon DLL not present - disabling.
[2017.02.07-23.21.41:024][  0]LogMeshUtilities: Using SimplygonSwarm for distributed automatic mesh merging
[2017.02.07-23.21.41:024][  0]LogMeshUtilities: No automatic skeletal mesh reduction module available
[2017.02.07-23.21.41:024][  0]LogMeshUtilities: No automatic mesh merging module available
[2017.02.07-23.21.41:653][  0]LogNetVersion: GetLocalNetworkVersion: CL: 3195953, ProjectName: frostline, ProjectVersion: , EngineNetworkVersion: 2, GameNetworkVersion: 0, NetworkChecksum: 3589263868
[2017.02.07-23.21.41:712][  0]LogAssetRegistry: FAssetRegistry took 0.0228 seconds to start up
[2017.02.07-23.21.41:765][  0]LogPackageLocalizationCache: Processed 3 localized package path(s) for 2 prioritized culture(s) in 0.030491 seconds
[2017.02.07-23.21.41:772][  0]LogUObjectArray: 31947 objects as part of root set at end of initial load.
[2017.02.07-23.21.41:772][  0]LogUObjectAllocator: 6936072 out of 0 bytes used by permanent object pool.
[2017.02.07-23.21.41:772][  0]LogUObjectArray: CloseDisregardForGC: 0/0 objects in disregard for GC pool
[2017.02.07-23.21.41:835][  0]LogInit: WinSock: version 1.1 (2.2), MaxSocks=32767, MaxUdp=65467
[2017.02.07-23.21.42:615][  0]LogSlate: Using Freetype 2.6.0
[2017.02.07-23.21.42:616][  0]LogSlate: SlateFontCache - WITH_FREETYPE: 1, WITH_HARFBUZZ: 1
[2017.02.07-23.21.42:616][  0]LogSlate: SlateFontCache - WITH_FREETYPE: 1, WITH_HARFBUZZ: 1
[2017.02.07-23.21.43:531][  0]LogTcpMessaging: Initializing TcpMessaging bridge
[2017.02.07-23.21.43:607][  0]LogUdpMessaging: Initializing bridge on interface 0.0.0.0:0 to multicast group 230.0.0.1:6666.
[2017.02.07-23.21.43:970][  0]LogMaterial: Uniform references updated for custom material expression Custom.
[2017.02.07-23.21.44:580][  0]SourceControl: Info Source control is disabled
[2017.02.07-23.21.44:581][  0]SourceControl: Info Source control is disabled
[2017.02.07-23.21.44:673][  0]SourceControl: Info Source control is disabled
[2017.02.07-23.21.44:781][  0]SourceControl: Info Source control is disabled
[2017.02.07-23.21.46:122][  0]LogEngine: Initializing Engine...
[2017.02.07-23.21.46:123][  0]LogHMD: Failed to initialize OpenVR with code 110
[2017.02.07-23.21.46:378][  0]LogAIModule: Creating AISystem for world Untitled
[2017.02.07-23.21.46:383][  0]LogInit: XAudio2 using 'Speakers / HP (IDT High Definition Audio CODEC)' : 2 channels at 48 kHz using 16 bits per sample (channel mask 0x3)
[2017.02.07-23.21.46:405][  0]LogInit: FAudioDevice initialized.
[2017.02.07-23.21.46:456][  0]LogDerivedDataCache: Saved boot cache 0.05s 50MB C:/Users/jgonzale5/AppData/Local/UnrealEngine/4.14/DerivedDataCache/Boot.ddc.
[2017.02.07-23.21.46:469][  0]LogInit: Texture streaming: Enabled
[2017.02.07-23.21.46:744][  0]LogInit: Transaction tracking system initialized
[2017.02.07-23.21.47:179][  0]BlueprintLog: New page: Editor Load
[2017.02.07-23.21.48:674][  0]LocalizationService: Info Localization service is disabled
[2017.02.07-23.21.49:764][  0]LogConsoleResponse:Display: 
[2017.02.07-23.21.49:975][  0]LogCook:Display: Max memory allowance for cook 16384mb min free memory 0mb
[2017.02.07-23.21.49:975][  0]LogCook:Display: Mobile HDR setting 1
[2017.02.07-23.21.51:033][  0]LogFileCache: Scanning file cache for directory 'C:/Users/jgonzale5/Documents/Unreal Projects/FrostLine/Content/' took 0.02s
[2017.02.07-23.21.51:124][  0]SourceControl: Info Source control is disabled
[2017.02.07-23.21.55:942][  0]LogWindowsTextInputMethodSystem:Display: IME system now deactivated.
[2017.02.07-23.21.55:944][  0]LogWindowsTextInputMethodSystem:Display: IME system now deactivated.
[2017.02.07-23.21.58:272][  0]LogWindowsTextInputMethodSystem:Display: IME system now deactivated.
[2017.02.07-23.21.58:274][  0]LogWindowsTextInputMethodSystem:Display: IME system now deactivated.
[2017.02.07-23.21.58:290][  0]Cmd: MAP LOAD FILE="../../../../../../Users/jgonzale5/Documents/Unreal Projects/FrostLine/Content/FirstPersonBP/Maps/FirstPersonExampleMap.umap" TEMPLATE=0 SHOWPROGRESS=1 FEATURELEVEL=3
[2017.02.07-23.21.58:290][  0]LightingResults: New page: Lighting Build
[2017.02.07-23.21.58:347][  0]MapCheck: New page: Map Check
[2017.02.07-23.21.58:347][  0]LightingResults: New page: Lighting Build
[2017.02.07-23.21.59:540][  0]LogBlueprint:Error: [Compiler PersistentLevel.FirstPersonExampleMap] Error Default value '' for  OccupiedResourceLocations  is invalid: 'Array inputs (like 'Occupied Resource Locations') must have an input wired into them (try connecting a MakeArray node).'
[2017.02.07-23.21.59:543][  0]LogBlueprint:Warning: [Compiler PersistentLevel.FirstPersonExampleMap] Warning [0025.67] Compile of PersistentLevel.FirstPersonExampleMap failed. 1 Fatal Issue(s) 0 Warning(s) [in 7 ms] (/Game/FirstPersonBP/Maps/FirstPersonExampleMap.FirstPersonExampleMap:PersistentLevel.FirstPersonExampleMap)
[2017.02.07-23.21.59:543][  0]LogBlueprint:Warning: [Compiler PersistentLevel.FirstPersonExampleMap] Warning [0025.67] Compile of PersistentLevel.FirstPersonExampleMap failed. 1 Fatal Issue(s) 1 Warning(s) [in 0 ms] (/Game/FirstPersonBP/Maps/FirstPersonExampleMap.FirstPersonExampleMap:PersistentLevel.FirstPersonExampleMap)
[2017.02.07-23.21.59:543][  0]LogBlueprint:Warning: [Compiler PersistentLevel.FirstPersonExampleMap] Warning [0025.67] Compile of PersistentLevel.FirstPersonExampleMap failed. 1 Fatal Issue(s) 2 Warning(s) [in 0 ms] (/Game/FirstPersonBP/Maps/FirstPersonExampleMap.FirstPersonExampleMap:PersistentLevel.FirstPersonExampleMap)
[2017.02.07-23.21.59:550][  0]LogBlueprint:Error: [Compiler PersistentLevel.FirstPersonExampleMap] Error Default value '' for  OccupiedResourceLocations  is invalid: 'Array inputs (like 'Occupied Resource Locations') must have an input wired into them (try connecting a MakeArray node).'
[2017.02.07-23.21.59:554][  0]LogBlueprint:Warning: [Compiler PersistentLevel.FirstPersonExampleMap] Warning [0025.68] Compile of PersistentLevel.FirstPersonExampleMap failed. 1 Fatal Issue(s) 0 Warning(s) [in 8 ms] (/Game/FirstPersonBP/Maps/FirstPersonExampleMap.FirstPersonExampleMap:PersistentLevel.FirstPersonExampleMap)
[2017.02.07-23.21.59:554][  0]LogBlueprint:Warning: [Compiler PersistentLevel.FirstPersonExampleMap] Warning [0025.68] Compile of PersistentLevel.FirstPersonExampleMap failed. 1 Fatal Issue(s) 1 Warning(s) [in 0 ms] (/Game/FirstPersonBP/Maps/FirstPersonExampleMap.FirstPersonExampleMap:PersistentLevel.FirstPersonExampleMap)
[2017.02.07-23.21.59:554][  0]LogBlueprint:Warning: [Compiler PersistentLevel.FirstPersonExampleMap] Warning [0025.68] Compile of PersistentLevel.FirstPersonExampleMap failed. 1 Fatal Issue(s) 2 Warning(s) [in 0 ms] (/Game/FirstPersonBP/Maps/FirstPersonExampleMap.FirstPersonExampleMap:PersistentLevel.FirstPersonExampleMap)
[2017.02.07-23.22.00:597][  0]LogAIModule: Creating AISystem for world FirstPersonExampleMap
[2017.02.07-23.22.00:632][  0]LogEditorServer: Finished looking for orphan Actors (0.000 secs)
[2017.02.07-23.22.00:633][  0]Cmd: MAP CHECKDEP NOCLEARLOG
[2017.02.07-23.22.00:724][  0]MapCheck: Info Map check complete: 0 Error(s), 0 Warning(s), took 90.892ms to complete.
[2017.02.07-23.22.00:724][  0]LogFileHelpers: Loading map 'FirstPersonExampleMap' took 2.434
[2017.02.07-23.22.00:992][  0]LogStats:Warning: MetaData mismatch. Did you assign a stat to two groups? New //STATGROUP_Threads//SplashScreenThread///Thread_2d14_0///####STATCAT_Advanced#### old //STATGROUP_Threads//SplashScreenThread///Thread_26ac_0///####STATCAT_Advanced####
[2017.02.07-23.22.00:992][  0]LogCollectionManager: Loaded 0 collections in 0.003034 seconds
[2017.02.07-23.22.01:171][  0]LogFileCache: Scanning file cache for directory 'C:/Users/jgonzale5/Documents/Unreal Projects/FrostLine/Saved/Collections/' took 0.01s
[2017.02.07-23.22.01:171][  0]LogFileCache: Scanning file cache for directory 'C:/Users/jgonzale5/Documents/Unreal Projects/FrostLine/Content/Developers/jgonzale5/Collections/' took 0.01s
[2017.02.07-23.22.01:171][  0]LogFileCache: Scanning file cache for directory 'C:/Users/jgonzale5/Documents/Unreal Projects/FrostLine/Content/Collections/' took 0.01s
[2017.02.07-23.22.01:171][  0]LogCollectionManager: Rebuilt the GUID cache for 0 collections in 0.000005 seconds
[2017.02.07-23.22.01:207][  0]LogContentBrowser: Native class hierarchy populated in 0.0356 seconds. Added 2191 classes and 430 folders.
[2017.02.07-23.22.01:352][  0]LogStats: UGameplayTagsManager::ConstructGameplayTagTree: Construct from data asset -  0.000 s
[2017.02.07-23.22.01:352][  0]LogStats: UGameplayTagsManager::ConstructGameplayTagTree: GameplayTagTreeChangedEvent.Broadcast -  0.000 s
[2017.02.07-23.22.01:357][  0]LogContentBrowser: Native class hierarchy updated for 'GameplayTags' in 0.0043 seconds. Added 13 classes and 0 folders.
[2017.02.07-23.22.01:516][  0]LogContentBrowser: Native class hierarchy updated for 'WidgetCarousel' in 0.0025 seconds. Added 0 classes and 0 folders.
[2017.02.07-23.22.01:600][  0]LogContentBrowser: Native class hierarchy updated for 'AddContentDialog' in 0.0026 seconds. Added 0 classes and 0 folders.
[2017.02.07-23.22.01:718][  0]LogContentBrowser: Native class hierarchy updated for 'SceneOutliner' in 0.0030 seconds. Added 1 classes and 2 folders.
[2017.02.07-23.22.01:786][  0]LogCrashTracker: Crashtracker disabled due to settings.
[2017.02.07-23.22.01:796][  0]LogUObjectGlobals:Warning: Failed to find object 'Class None.'
[2017.02.07-23.22.01:900][  0]LogContentBrowser: Native class hierarchy updated for 'HierarchicalLODOutliner' in 0.0016 seconds. Added 1 classes and 2 folders.
[2017.02.07-23.22.01:901][  0]LogLoad: (Engine Initialization) Total time: 28.02 seconds
[2017.02.07-23.22.01:901][  0]LogLoad: (Engine Initialization) Total Blueprint compile time: 0.76 seconds
[2017.02.07-23.22.01:901][  0]LogExternalProfiler: No external profilers were discovered.  External profiling features will not be available.
[2017.02.07-23.22.01:910][  0]LogOcInput: OculusInput pre-init called
[2017.02.07-23.22.01:957][  0]LogContentStreaming: Texture pool size now 1000 MB
[2017.02.07-23.22.02:133][  0]LogRenderer: Reallocating scene render targets to support 948x488 NumSamples 1 (Frame:2).
[2017.02.07-23.22.02:237][  1]LogFileCache: Retrieving MD5 hashes for directory 'C:/Users/jgonzale5/Documents/Unreal Projects/FrostLine/Content/' took 0.32s
[2017.02.07-23.22.02:331][  2]LogAssetRegistry: Asset discovery search completed in 20.6415 seconds
[2017.02.07-23.22.02:331][  2]LogCollectionManager: Rebuilt the object cache for 0 collections in 0.000001 seconds (found 0 objects)
[2017.02.07-23.22.02:331][  2]LogCollectionManager: Fixed up redirectors for 0 collections in 0.000022 seconds (updated 0 objects)
[2017.02.07-23.22.05:216][173]LogLinker:Warning: Can't resolve asset name
[2017.02.07-23.22.05:752][173]LogContentBrowser: Native class hierarchy updated for 'BlueprintGraph' in 0.0017 seconds. Added 111 classes and 0 folders.
[2017.02.07-23.23.55:602][809]BlueprintLog: New page: Compile FirstPersonExampleMap
[2017.02.07-23.24.27:324][429]BlueprintLog: New page: Compile FirstPersonExampleMap
[2017.02.07-23.24.30:559][595]LogTemp: Repeting last play command: Selected Viewport
[2017.02.07-23.24.30:585][595]LogBlueprintUserMessages: Early PlayInEditor Detection: Level '/Game/FirstPersonBP/Maps/FirstPersonExampleMap.FirstPersonExampleMap:PersistentLevel' has LevelScriptBlueprint '/Game/FirstPersonBP/Maps/FirstPersonExampleMap.FirstPersonExampleMap:PersistentLevel.FirstPersonExampleMap' with GeneratedClass '/Game/FirstPersonBP/Maps/FirstPersonExampleMap.FirstPersonExampleMap_C' with ClassGeneratedBy '/Game/FirstPersonBP/Maps/FirstPersonExampleMap.FirstPersonExampleMap:PersistentLevel.FirstPersonExampleMap'
[2017.02.07-23.24.30:585][595]LogPlayLevel: PlayLevel: No blueprints needed recompiling
[2017.02.07-23.24.30:585][595]PIE: New page: PIE session: FirstPersonExampleMap (Feb 7, 2017, 1:24:30 PM)
[2017.02.07-23.24.30:585][595]LogPlayLevel: Creating play world package: /Game/FirstPersonBP/Maps/UEDPIE_0_FirstPersonExampleMap
[2017.02.07-23.24.30:619][595]LogPlayLevel: PIE: StaticDuplicateObject took: (0.033554s)
[2017.02.07-23.24.30:620][595]LogAIModule: Creating AISystem for world FirstPersonExampleMap
[2017.02.07-23.24.30:620][595]LogPlayLevel: PIE: World Init took: (0.000965s)
[2017.02.07-23.24.30:621][595]LogPlayLevel: PIE: Created PIE world by copying editor world from /Game/FirstPersonBP/Maps/FirstPersonExampleMap.FirstPersonExampleMap to /Game/FirstPersonBP/Maps/UEDPIE_0_FirstPersonExampleMap.FirstPersonExampleMap (0.035284s)
[2017.02.07-23.24.30:644][595]LogInit: XAudio2 using 'Speakers / HP (IDT High Definition Audio CODEC)' : 2 channels at 48 kHz using 16 bits per sample (channel mask 0x3)
[2017.02.07-23.24.30:655][595]LogInit: FAudioDevice initialized.
[2017.02.07-23.24.30:701][595]LogLoad: Game class is 'FirstPersonGameMode_C'
[2017.02.07-23.24.30:705][595]LogWorld: Bringing World /Game/FirstPersonBP/Maps/UEDPIE_0_FirstPersonExampleMap.FirstPersonExampleMap up for play (max tick rate 0) at 2017.02.07-18.24.30
[2017.02.07-23.24.30:705][595]LogWorld: Bringing up level for play took: 0.002655
[2017.02.07-23.24.30:706][595]LogGameMode: Warning - PATHS NOT DEFINED or NO PLAYERSTART with positive rating
[2017.02.07-23.24.30:749][595]LogContentBrowser: Native class hierarchy updated for 'MovieSceneCapture' in 0.0015 seconds. Added 11 classes and 0 folders.
[2017.02.07-23.24.30:751][595]LogScriptCore:Warning: Script Msg: Attempted to set an invalid index on array OccupiedResourceLocations [1/0]!
[2017.02.07-23.24.30:751][595]LogScriptCore:Warning: Script Msg: Attempted to set an invalid index on array OccupiedResourceLocations [1/0]!
[2017.02.07-23.24.30:752][595]LogScriptCore:Warning: Script Msg: Attempted to set an invalid index on array OccupiedResourceLocations [2/1]!
[2017.02.07-23.24.30:752][595]LogScriptCore:Warning: Script Msg: Attempted to set an invalid index on array OccupiedResourceLocations [2/1]!
[2017.02.07-23.24.30:752][595]LogScriptCore:Warning: Script Msg: Attempted to set an invalid index on array OccupiedResourceLocations [3/2]!
[2017.02.07-23.24.30:753][595]LogScriptCore:Warning: Script Msg: Attempted to set an invalid index on array OccupiedResourceLocations [3/2]!
[2017.02.07-23.24.30:753][595]LogScriptCore:Warning: Script Msg: Attempted to set an invalid index on array OccupiedResourceLocations [4/3]!
[2017.02.07-23.24.30:753][595]LogScriptCore:Warning: Script Msg: Attempted to set an invalid index on array OccupiedResourceLocations [4/3]!
[2017.02.07-23.24.30:753][595]LogScriptCore:Warning: Script Msg: Attempted to set an invalid index on array OccupiedResourceLocations [4/3]!
[2017.02.07-23.24.30:753][595]LogScriptCore:Warning: Script Msg: Attempted to set an invalid index on array OccupiedResourceLocations [4/3]!
[2017.02.07-23.24.30:754][595]LogScriptCore:Warning: Script Msg: Attempted to set an invalid index on array OccupiedResourceLocations [5/4]!
[2017.02.07-23.24.30:755][595]LogScriptCore:Warning: Script Msg: Attempted to set an invalid index on array OccupiedResourceLocations [6/5]!
[2017.02.07-23.24.30:756][595]LogScriptCore:Warning: Script Msg: Attempted to set an invalid index on array OccupiedResourceLocations [8/7]!
[2017.02.07-23.24.30:756][595]LogScriptCore:Warning: Script Msg: Attempted to access index 8 from array Resource Locations of length 7!
[2017.02.07-23.24.30:756][595]LogScript:Warning: Accessed None trying to read property CallFunc_Array_Get_Item
	FirstPersonExampleMap_C /Game/FirstPersonBP/Maps/UEDPIE_0_FirstPersonExampleMap.FirstPersonExampleMap:PersistentLevel.FirstPersonExampleMap_C_0
	Function /Game/FirstPersonBP/Maps/FirstPersonExampleMap.FirstPersonExampleMap_C:ExecuteUbergraph_FirstPersonExampleMap:0112
[2017.02.07-23.24.30:756][595]PIE:Error: Error Blueprint Runtime Error: Accessed None trying to read property CallFunc_Array_Get_Item from function: 'ExecuteUbergraph_FirstPersonExampleMap' from node: SpawnActor Pick Up in graph: EventGraph in object: FirstPersonExampleMap with description: Accessed None trying to read property CallFunc_Array_Get_Item
[2017.02.07-23.24.30:756][595]LogScriptCore:Warning: Script Msg: Attempted to access index 8 from array Resource Locations of length 7!
[2017.02.07-23.24.30:756][595]LogScript:Warning: Accessed None trying to read property CallFunc_Array_Get_Item
	FirstPersonExampleMap_C /Game/FirstPersonBP/Maps/UEDPIE_0_FirstPersonExampleMap.FirstPersonExampleMap:PersistentLevel.FirstPersonExampleMap_C_0
	Function /Game/FirstPersonBP/Maps/FirstPersonExampleMap.FirstPersonExampleMap_C:ExecuteUbergraph_FirstPersonExampleMap:0066
[2017.02.07-23.24.30:756][595]PIE:Error: Error Blueprint Runtime Error: Accessed None trying to read property CallFunc_Array_Get_Item from function: 'ExecuteUbergraph_FirstPersonExampleMap' from node: SpawnActor Pick Up in graph: EventGraph in object: FirstPersonExampleMap with description: Accessed None trying to read property CallFunc_Array_Get_Item
[2017.02.07-23.24.30:757][595]PIE: Info Play in editor start time for /Game/FirstPersonBP/Maps/UEDPIE_0_FirstPersonExampleMap -0.807
[2017.02.07-23.24.30:757][595]LogBlueprintUserMessages: Late PlayInEditor Detection: Level '/Game/FirstPersonBP/Maps/FirstPersonExampleMap.FirstPersonExampleMap:PersistentLevel' has LevelScriptBlueprint '/Game/FirstPersonBP/Maps/FirstPersonExampleMap.FirstPersonExampleMap:PersistentLevel.FirstPersonExampleMap' with GeneratedClass '/Game/FirstPersonBP/Maps/FirstPersonExampleMap.FirstPersonExampleMap_C' with ClassGeneratedBy '/Game/FirstPersonBP/Maps/FirstPersonExampleMap.FirstPersonExampleMap:PersistentLevel.FirstPersonExampleMap'
[2017.02.07-23.25.11:100][837]LogBlueprintUserMessages: Early EndPlayMap Detection: Level '/Game/FirstPersonBP/Maps/FirstPersonExampleMap.FirstPersonExampleMap:PersistentLevel' has LevelScriptBlueprint '/Game/FirstPersonBP/Maps/FirstPersonExampleMap.FirstPersonExampleMap:PersistentLevel.FirstPersonExampleMap' with GeneratedClass '/Game/FirstPersonBP/Maps/FirstPersonExampleMap.FirstPersonExampleMap_C' with ClassGeneratedBy '/Game/FirstPersonBP/Maps/FirstPersonExampleMap.FirstPersonExampleMap:PersistentLevel.FirstPersonExampleMap'
[2017.02.07-23.25.11:188][837]LogBlueprintUserMessages: Late EndPlayMap Detection: Level '/Game/FirstPersonBP/Maps/FirstPersonExampleMap.FirstPersonExampleMap:PersistentLevel' has LevelScriptBlueprint '/Game/FirstPersonBP/Maps/FirstPersonExampleMap.FirstPersonExampleMap:PersistentLevel.FirstPersonExampleMap' with GeneratedClass '/Game/FirstPersonBP/Maps/FirstPersonExampleMap.FirstPersonExampleMap_C' with ClassGeneratedBy '/Game/FirstPersonBP/Maps/FirstPersonExampleMap.FirstPersonExampleMap:PersistentLevel.FirstPersonExampleMap'
[2017.02.07-23.25.13:274][923]LogTemp: Repeting last play command: Selected Viewport
[2017.02.07-23.25.13:299][923]LogBlueprintUserMessages: Early PlayInEditor Detection: Level '/Game/FirstPersonBP/Maps/FirstPersonExampleMap.FirstPersonExampleMap:PersistentLevel' has LevelScriptBlueprint '/Game/FirstPersonBP/Maps/FirstPersonExampleMap.FirstPersonExampleMap:PersistentLevel.FirstPersonExampleMap' with GeneratedClass '/Game/FirstPersonBP/Maps/FirstPersonExampleMap.FirstPersonExampleMap_C' with ClassGeneratedBy '/Game/FirstPersonBP/Maps/FirstPersonExampleMap.FirstPersonExampleMap:PersistentLevel.FirstPersonExampleMap'
[2017.02.07-23.25.13:299][923]LogPlayLevel: PlayLevel: No blueprints needed recompiling
[2017.02.07-23.25.13:300][923]PIE: New page: PIE session: FirstPersonExampleMap (Feb 7, 2017, 1:25:13 PM)
[2017.02.07-23.25.13:300][923]LogPlayLevel: Creating play world package: /Game/FirstPersonBP/Maps/UEDPIE_0_FirstPersonExampleMap
[2017.02.07-23.25.13:337][923]LogPlayLevel: PIE: StaticDuplicateObject took: (0.036864s)
[2017.02.07-23.25.13:337][923]LogAIModule: Creating AISystem for world FirstPersonExampleMap
[2017.02.07-23.25.13:337][923]LogPlayLevel: PIE: World Init took: (0.000876s)
[2017.02.07-23.25.13:338][923]LogPlayLevel: PIE: Created PIE world by copying editor world from /Game/FirstPersonBP/Maps/FirstPersonExampleMap.FirstPersonExampleMap to /Game/FirstPersonBP/Maps/UEDPIE_0_FirstPersonExampleMap.FirstPersonExampleMap (0.038050s)
[2017.02.07-23.25.13:363][923]LogInit: XAudio2 using 'Speakers / HP (IDT High Definition Audio CODEC)' : 2 channels at 48 kHz using 16 bits per sample (channel mask 0x3)
[2017.02.07-23.25.13:375][923]LogInit: FAudioDevice initialized.
[2017.02.07-23.25.13:408][923]LogLoad: Game class is 'FirstPersonGameMode_C'
[2017.02.07-23.25.13:411][923]LogWorld: Bringing World /Game/FirstPersonBP/Maps/UEDPIE_0_FirstPersonExampleMap.FirstPersonExampleMap up for play (max tick rate 0) at 2017.02.07-18.25.13
[2017.02.07-23.25.13:412][923]LogWorld: Bringing up level for play took: 0.002369
[2017.02.07-23.25.13:412][923]LogGameMode: Warning - PATHS NOT DEFINED or NO PLAYERSTART with positive rating
[2017.02.07-23.25.13:414][923]LogScriptCore:Warning: Script Msg: Attempted to set an invalid index on array OccupiedResourceLocations [1/0]!
[2017.02.07-23.25.13:414][923]LogScriptCore:Warning: Script Msg: Attempted to set an invalid index on array OccupiedResourceLocations [1/0]!
[2017.02.07-23.25.13:414][923]LogScriptCore:Warning: Script Msg: Attempted to set an invalid index on array OccupiedResourceLocations [2/1]!
[2017.02.07-23.25.13:415][923]LogScriptCore:Warning: Script Msg: Attempted to set an invalid index on array OccupiedResourceLocations [2/1]!
[2017.02.07-23.25.13:415][923]LogScriptCore:Warning: Script Msg: Attempted to set an invalid index on array OccupiedResourceLocations [2/1]!
[2017.02.07-23.25.13:415][923]LogScriptCore:Warning: Script Msg: Attempted to set an invalid index on array OccupiedResourceLocations [2/1]!
[2017.02.07-23.25.13:415][923]LogScriptCore:Warning: Script Msg: Attempted to set an invalid index on array OccupiedResourceLocations [3/2]!
[2017.02.07-23.25.13:415][923]LogScriptCore:Warning: Script Msg: Attempted to set an invalid index on array OccupiedResourceLocations [3/2]!
[2017.02.07-23.25.13:416][923]LogScriptCore:Warning: Script Msg: Attempted to set an invalid index on array OccupiedResourceLocations [4/3]!
[2017.02.07-23.25.13:417][923]LogScriptCore:Warning: Script Msg: Attempted to set an invalid index on array OccupiedResourceLocations [5/4]!
[2017.02.07-23.25.13:418][923]LogScriptCore:Warning: Script Msg: Attempted to set an invalid index on array OccupiedResourceLocations [7/6]!
[2017.02.07-23.25.13:418][923]LogScriptCore:Warning: Script Msg: Attempted to access index 7 from array Resource Locations of length 7!
[2017.02.07-23.25.13:418][923]LogScript:Warning: Accessed None trying to read property CallFunc_Array_Get_Item
	FirstPersonExampleMap_C /Game/FirstPersonBP/Maps/UEDPIE_0_FirstPersonExampleMap.FirstPersonExampleMap:PersistentLevel.FirstPersonExampleMap_C_0
	Function /Game/FirstPersonBP/Maps/FirstPersonExampleMap.FirstPersonExampleMap_C:ExecuteUbergraph_FirstPersonExampleMap:0112
[2017.02.07-23.25.13:418][923]PIE:Error: Error Blueprint Runtime Error: Accessed None trying to read property CallFunc_Array_Get_Item from function: 'ExecuteUbergraph_FirstPersonExampleMap' from node: SpawnActor Pick Up in graph: EventGraph in object: FirstPersonExampleMap with description: Accessed None trying to read property CallFunc_Array_Get_Item
[2017.02.07-23.25.13:418][923]LogScriptCore:Warning: Script Msg: Attempted to access index 7 from array Resource Locations of length 7!
[2017.02.07-23.25.13:418][923]LogScript:Warning: Accessed None trying to read property CallFunc_Array_Get_Item
	FirstPersonExampleMap_C /Game/FirstPersonBP/Maps/UEDPIE_0_FirstPersonExampleMap.FirstPersonExampleMap:PersistentLevel.FirstPersonExampleMap_C_0
	Function /Game/FirstPersonBP/Maps/FirstPersonExampleMap.FirstPersonExampleMap_C:ExecuteUbergraph_FirstPersonExampleMap:0066
[2017.02.07-23.25.13:418][923]PIE:Error: Error Blueprint Runtime Error: Accessed None trying to read property CallFunc_Array_Get_Item from function: 'ExecuteUbergraph_FirstPersonExampleMap' from node: SpawnActor Pick Up in graph: EventGraph in object: FirstPersonExampleMap with description: Accessed None trying to read property CallFunc_Array_Get_Item
[2017.02.07-23.25.13:419][923]PIE: Info Play in editor start time for /Game/FirstPersonBP/Maps/UEDPIE_0_FirstPersonExampleMap -0.146
[2017.02.07-23.25.13:420][923]LogBlueprintUserMessages: Late PlayInEditor Detection: Level '/Game/FirstPersonBP/Maps/FirstPersonExampleMap.FirstPersonExampleMap:PersistentLevel' has LevelScriptBlueprint '/Game/FirstPersonBP/Maps/FirstPersonExampleMap.FirstPersonExampleMap:PersistentLevel.FirstPersonExampleMap' with GeneratedClass '/Game/FirstPersonBP/Maps/FirstPersonExampleMap.FirstPersonExampleMap_C' with ClassGeneratedBy '/Game/FirstPersonBP/Maps/FirstPersonExampleMap.FirstPersonExampleMap:PersistentLevel.FirstPersonExampleMap'
[2017.02.07-23.25.32:836][783]LogBlueprintUserMessages: Early EndPlayMap Detection: Level '/Game/FirstPersonBP/Maps/FirstPersonExampleMap.FirstPersonExampleMap:PersistentLevel' has LevelScriptBlueprint '/Game/FirstPersonBP/Maps/FirstPersonExampleMap.FirstPersonExampleMap:PersistentLevel.FirstPersonExampleMap' with GeneratedClass '/Game/FirstPersonBP/Maps/FirstPersonExampleMap.FirstPersonExampleMap_C' with ClassGeneratedBy '/Game/FirstPersonBP/Maps/FirstPersonExampleMap.FirstPersonExampleMap:PersistentLevel.FirstPersonExampleMap'
[2017.02.07-23.25.32:888][783]LogBlueprintUserMessages: Late EndPlayMap Detection: Level '/Game/FirstPersonBP/Maps/FirstPersonExampleMap.FirstPersonExampleMap:PersistentLevel' has LevelScriptBlueprint '/Game/FirstPersonBP/Maps/FirstPersonExampleMap.FirstPersonExampleMap:PersistentLevel.FirstPersonExampleMap' with GeneratedClass '/Game/FirstPersonBP/Maps/FirstPersonExampleMap.FirstPersonExampleMap_C' with ClassGeneratedBy '/Game/FirstPersonBP/Maps/FirstPersonExampleMap.FirstPersonExampleMap:PersistentLevel.FirstPersonExampleMap'
[2017.02.07-23.26.13:824][647]LogEditorTransaction: Undo Create Pin Link
[2017.02.07-23.26.26:068][313]BlueprintLog: New page: Compile FirstPersonExampleMap
[2017.02.07-23.26.30:442][516]LogSavePackage: Save=235.25ms
[2017.02.07-23.26.30:442][516]LogSavePackage: Moving '../../../../../../Users/jgonzale5/Documents/Unreal Projects/FrostLine/Saved/FirstPersonExampleMapB2EC690340C836359A35CBB7C78FD40A.tmp' to '../../../../../../Users/jgonzale5/Documents/Unreal Projects/FrostLine/Content/FirstPersonBP/Maps/FirstPersonExampleMap.umap'
[2017.02.07-23.26.30:447][516]LogSavePackage:Display: Finished SavePackage ../../../../../../Users/jgonzale5/Documents/Unreal Projects/FrostLine/Content/FirstPersonBP/Maps/FirstPersonExampleMap.umap
[2017.02.07-23.26.31:934][516]LogSavePackage: Save=1350.53ms
[2017.02.07-23.26.31:934][516]LogSavePackage: Moving '../../../../../../Users/jgonzale5/Documents/Unreal Projects/FrostLine/Saved/FirstPersonExampleMap_BuiltDataA86AA8054328F421B0CE22B5FC1BD3DD.tmp' to '../../../../../../Users/jgonzale5/Documents/Unreal Projects/FrostLine/Content/FirstPersonBP/Maps/FirstPersonExampleMap_BuiltData.uasset'
[2017.02.07-23.26.31:936][516]LogSavePackage:Display: Finished SavePackage ../../../../../../Users/jgonzale5/Documents/Unreal Projects/FrostLine/Content/FirstPersonBP/Maps/FirstPersonExampleMap_BuiltData.uasset
[2017.02.07-23.26.32:565][555]LogTemp: Repeting last play command: Selected Viewport
[2017.02.07-23.26.32:589][555]LogBlueprintUserMessages: Early PlayInEditor Detection: Level '/Game/FirstPersonBP/Maps/FirstPersonExampleMap.FirstPersonExampleMap:PersistentLevel' has LevelScriptBlueprint '/Game/FirstPersonBP/Maps/FirstPersonExampleMap.FirstPersonExampleMap:PersistentLevel.FirstPersonExampleMap' with GeneratedClass '/Game/FirstPersonBP/Maps/FirstPersonExampleMap.FirstPersonExampleMap_C' with ClassGeneratedBy '/Game/FirstPersonBP/Maps/FirstPersonExampleMap.FirstPersonExampleMap:PersistentLevel.FirstPersonExampleMap'
[2017.02.07-23.26.32:589][555]LogPlayLevel: PlayLevel: No blueprints needed recompiling
[2017.02.07-23.26.32:589][555]PIE: New page: PIE session: FirstPersonExampleMap (Feb 7, 2017, 1:26:32 PM)
[2017.02.07-23.26.32:589][555]LogPlayLevel: Creating play world package: /Game/FirstPersonBP/Maps/UEDPIE_0_FirstPersonExampleMap
[2017.02.07-23.26.32:620][555]LogPlayLevel: PIE: StaticDuplicateObject took: (0.030631s)
[2017.02.07-23.26.32:621][555]LogAIModule: Creating AISystem for world FirstPersonExampleMap
[2017.02.07-23.26.32:621][555]LogPlayLevel: PIE: World Init took: (0.000880s)
[2017.02.07-23.26.32:621][555]LogPlayLevel: PIE: Created PIE world by copying editor world from /Game/FirstPersonBP/Maps/FirstPersonExampleMap.FirstPersonExampleMap to /Game/FirstPersonBP/Maps/UEDPIE_0_FirstPersonExampleMap.FirstPersonExampleMap (0.031844s)
[2017.02.07-23.26.32:644][555]LogInit: XAudio2 using 'Speakers / HP (IDT High Definition Audio CODEC)' : 2 channels at 48 kHz using 16 bits per sample (channel mask 0x3)
[2017.02.07-23.26.32:655][555]LogInit: FAudioDevice initialized.
[2017.02.07-23.26.32:688][555]LogLoad: Game class is 'FirstPersonGameMode_C'
[2017.02.07-23.26.32:691][555]LogWorld: Bringing World /Game/FirstPersonBP/Maps/UEDPIE_0_FirstPersonExampleMap.FirstPersonExampleMap up for play (max tick rate 0) at 2017.02.07-18.26.32
[2017.02.07-23.26.32:692][555]LogWorld: Bringing up level for play took: 0.002368
[2017.02.07-23.26.32:692][555]LogGameMode: Warning - PATHS NOT DEFINED or NO PLAYERSTART with positive rating
[2017.02.07-23.26.33:530][555]LogScript:Warning: Runaway loop detected (over 1,000,000 iterations) - see log for stack trace
	FirstPersonExampleMap_C /Game/FirstPersonBP/Maps/UEDPIE_0_FirstPersonExampleMap.FirstPersonExampleMap:PersistentLevel.FirstPersonExampleMap_C_0
	Function /Game/FirstPersonBP/Maps/FirstPersonExampleMap.FirstPersonExampleMap_C:ExecuteUbergraph_FirstPersonExampleMap:03B9
[2017.02.07-23.26.33:530][555]PIE:Error: Error Infinite Loop detected in  FirstPersonExampleMap , asserted during  ForLoop with the following  Call Stack
[2017.02.07-23.26.33:531][555]PIE: Info Play in editor start time for /Game/FirstPersonBP/Maps/UEDPIE_0_FirstPersonExampleMap -0.035
[2017.02.07-23.26.33:531][555]LogBlueprintUserMessages: Late PlayInEditor Detection: Level '/Game/FirstPersonBP/Maps/FirstPersonExampleMap.FirstPersonExampleMap:PersistentLevel' has LevelScriptBlueprint '/Game/FirstPersonBP/Maps/FirstPersonExampleMap.FirstPersonExampleMap:PersistentLevel.FirstPersonExampleMap' with GeneratedClass '/Game/FirstPersonBP/Maps/FirstPersonExampleMap.FirstPersonExampleMap_C' with ClassGeneratedBy '/Game/FirstPersonBP/Maps/FirstPersonExampleMap.FirstPersonExampleMap:PersistentLevel.FirstPersonExampleMap'
[2017.02.07-23.26.33:533][555]LogBlueprintUserMessages: Early EndPlayMap Detection: Level '/Game/FirstPersonBP/Maps/FirstPersonExampleMap.FirstPersonExampleMap:PersistentLevel' has LevelScriptBlueprint '/Game/FirstPersonBP/Maps/FirstPersonExampleMap.FirstPersonExampleMap:PersistentLevel.FirstPersonExampleMap' with GeneratedClass '/Game/FirstPersonBP/Maps/FirstPersonExampleMap.FirstPersonExampleMap_C' with ClassGeneratedBy '/Game/FirstPersonBP/Maps/FirstPersonExampleMap.FirstPersonExampleMap:PersistentLevel.FirstPersonExampleMap'
[2017.02.07-23.26.33:609][555]LogBlueprintUserMessages: Late EndPlayMap Detection: Level '/Game/FirstPersonBP/Maps/FirstPersonExampleMap.FirstPersonExampleMap:PersistentLevel' has LevelScriptBlueprint '/Game/FirstPersonBP/Maps/FirstPersonExampleMap.FirstPersonExampleMap:PersistentLevel.FirstPersonExampleMap' with GeneratedClass '/Game/FirstPersonBP/Maps/FirstPersonExampleMap.FirstPersonExampleMap_C' with ClassGeneratedBy '/Game/FirstPersonBP/Maps/FirstPersonExampleMap.FirstPersonExampleMap:PersistentLevel.FirstPersonExampleMap'
[2017.02.07-23.26.34:457][592]LogEditorViewport: Clicking on Actor (LMB): StaticMeshActor (Wall3)
[2017.02.07-23.26.40:783][861]LogBlueprint:Warning: Unknown type of hyperlinked object
[2017.02.07-23.26.58:139][544]BlueprintLog: New page: Compile FirstPersonExampleMap
[2017.02.07-23.27.02:469][654]LogSavePackage: Save=235.40ms
[2017.02.07-23.27.02:469][654]LogSavePackage: Moving '../../../../../../Users/jgonzale5/Documents/Unreal Projects/FrostLine/Saved/FirstPersonExampleMap6B25F8824C1DB68F5055419ECA66D17A.tmp' to '../../../../../../Users/jgonzale5/Documents/Unreal Projects/FrostLine/Content/FirstPersonBP/Maps/FirstPersonExampleMap.umap'
[2017.02.07-23.27.02:473][654]LogSavePackage:Display: Finished SavePackage ../../../../../../Users/jgonzale5/Documents/Unreal Projects/FrostLine/Content/FirstPersonBP/Maps/FirstPersonExampleMap.umap
[2017.02.07-23.27.02:517][654]LogFileHelpers: Saving map 'FirstPersonExampleMap' took 0.369
[2017.02.07-23.27.04:988][786]LogTemp: Repeting last play command: Selected Viewport
[2017.02.07-23.27.05:011][786]LogBlueprintUserMessages: Early PlayInEditor Detection: Level '/Game/FirstPersonBP/Maps/FirstPersonExampleMap.FirstPersonExampleMap:PersistentLevel' has LevelScriptBlueprint '/Game/FirstPersonBP/Maps/FirstPersonExampleMap.FirstPersonExampleMap:PersistentLevel.FirstPersonExampleMap' with GeneratedClass '/Game/FirstPersonBP/Maps/FirstPersonExampleMap.FirstPersonExampleMap_C' with ClassGeneratedBy '/Game/FirstPersonBP/Maps/FirstPersonExampleMap.FirstPersonExampleMap:PersistentLevel.FirstPersonExampleMap'
[2017.02.07-23.27.05:011][786]LogPlayLevel: PlayLevel: No blueprints needed recompiling
[2017.02.07-23.27.05:012][786]PIE: New page: PIE session: FirstPersonExampleMap (Feb 7, 2017, 1:27:05 PM)
[2017.02.07-23.27.05:012][786]LogPlayLevel: Creating play world package: /Game/FirstPersonBP/Maps/UEDPIE_0_FirstPersonExampleMap
[2017.02.07-23.27.05:043][786]LogPlayLevel: PIE: StaticDuplicateObject took: (0.031797s)
[2017.02.07-23.27.05:044][786]LogAIModule: Creating AISystem for world FirstPersonExampleMap
[2017.02.07-23.27.05:045][786]LogPlayLevel: PIE: World Init took: (0.001064s)
[2017.02.07-23.27.05:045][786]LogPlayLevel: PIE: Created PIE world by copying editor world from /Game/FirstPersonBP/Maps/FirstPersonExampleMap.FirstPersonExampleMap to /Game/FirstPersonBP/Maps/UEDPIE_0_FirstPersonExampleMap.FirstPersonExampleMap (0.033255s)
[2017.02.07-23.27.05:070][786]LogInit: XAudio2 using 'Speakers / HP (IDT High Definition Audio CODEC)' : 2 channels at 48 kHz using 16 bits per sample (channel mask 0x3)
[2017.02.07-23.27.05:081][786]LogInit: FAudioDevice initialized.
[2017.02.07-23.27.05:114][786]LogLoad: Game class is 'FirstPersonGameMode_C'
[2017.02.07-23.27.05:117][786]LogWorld: Bringing World /Game/FirstPersonBP/Maps/UEDPIE_0_FirstPersonExampleMap.FirstPersonExampleMap up for play (max tick rate 0) at 2017.02.07-18.27.05
[2017.02.07-23.27.05:117][786]LogWorld: Bringing up level for play took: 0.002390
[2017.02.07-23.27.05:118][786]LogGameMode: Warning - PATHS NOT DEFINED or NO PLAYERSTART with positive rating
[2017.02.07-23.27.05:120][786]PIE: Info Play in editor start time for /Game/FirstPersonBP/Maps/UEDPIE_0_FirstPersonExampleMap -0.447
[2017.02.07-23.27.05:120][786]LogBlueprintUserMessages: Late PlayInEditor Detection: Level '/Game/FirstPersonBP/Maps/FirstPersonExampleMap.FirstPersonExampleMap:PersistentLevel' has LevelScriptBlueprint '/Game/FirstPersonBP/Maps/FirstPersonExampleMap.FirstPersonExampleMap:PersistentLevel.FirstPersonExampleMap' with GeneratedClass '/Game/FirstPersonBP/Maps/FirstPersonExampleMap.FirstPersonExampleMap_C' with ClassGeneratedBy '/Game/FirstPersonBP/Maps/FirstPersonExampleMap.FirstPersonExampleMap:PersistentLevel.FirstPersonExampleMap'
[2017.02.07-23.27.17:117][618]Cmd: CAMERA ALIGN ACTIVEVIEWPORTONLY
[2017.02.07-23.27.27:186][177]Cmd: CAMERA ALIGN ACTIVEVIEWPORTONLY
[2017.02.07-23.27.28:571][249]Cmd: CAMERA ALIGN ACTIVEVIEWPORTONLY
[2017.02.07-23.27.35:153][426]LogBlueprintUserMessages: Early EndPlayMap Detection: Level '/Game/FirstPersonBP/Maps/FirstPersonExampleMap.FirstPersonExampleMap:PersistentLevel' has LevelScriptBlueprint '/Game/FirstPersonBP/Maps/FirstPersonExampleMap.FirstPersonExampleMap:PersistentLevel.FirstPersonExampleMap' with GeneratedClass '/Game/FirstPersonBP/Maps/FirstPersonExampleMap.FirstPersonExampleMap_C' with ClassGeneratedBy '/Game/FirstPersonBP/Maps/FirstPersonExampleMap.FirstPersonExampleMap:PersistentLevel.FirstPersonExampleMap'
[2017.02.07-23.27.35:224][426]LogBlueprintUserMessages: Late EndPlayMap Detection: Level '/Game/FirstPersonBP/Maps/FirstPersonExampleMap.FirstPersonExampleMap:PersistentLevel' has LevelScriptBlueprint '/Game/FirstPersonBP/Maps/FirstPersonExampleMap.FirstPersonExampleMap:PersistentLevel.FirstPersonExampleMap' with GeneratedClass '/Game/FirstPersonBP/Maps/FirstPersonExampleMap.FirstPersonExampleMap_C' with ClassGeneratedBy '/Game/FirstPersonBP/Maps/FirstPersonExampleMap.FirstPersonExampleMap:PersistentLevel.FirstPersonExampleMap'
[2017.02.07-23.27.54:703][178]BlueprintLog: New page: Compile FirstPersonExampleMap
[2017.02.07-23.27.58:060][332]LogTemp: Repeting last play command: Selected Viewport
[2017.02.07-23.27.58:082][332]LogBlueprintUserMessages: Early PlayInEditor Detection: Level '/Game/FirstPersonBP/Maps/FirstPersonExampleMap.FirstPersonExampleMap:PersistentLevel' has LevelScriptBlueprint '/Game/FirstPersonBP/Maps/FirstPersonExampleMap.FirstPersonExampleMap:PersistentLevel.FirstPersonExampleMap' with GeneratedClass '/Game/FirstPersonBP/Maps/FirstPersonExampleMap.FirstPersonExampleMap_C' with ClassGeneratedBy '/Game/FirstPersonBP/Maps/FirstPersonExampleMap.FirstPersonExampleMap:PersistentLevel.FirstPersonExampleMap'
[2017.02.07-23.27.58:082][332]LogPlayLevel: PlayLevel: No blueprints needed recompiling
[2017.02.07-23.27.58:082][332]PIE: New page: PIE session: FirstPersonExampleMap (Feb 7, 2017, 1:27:58 PM)
[2017.02.07-23.27.58:083][332]LogPlayLevel: Creating play world package: /Game/FirstPersonBP/Maps/UEDPIE_0_FirstPersonExampleMap
[2017.02.07-23.27.58:114][332]LogPlayLevel: PIE: StaticDuplicateObject took: (0.031713s)
[2017.02.07-23.27.58:115][332]LogAIModule: Creating AISystem for world FirstPersonExampleMap
[2017.02.07-23.27.58:115][332]LogPlayLevel: PIE: World Init took: (0.000898s)
[2017.02.07-23.27.58:115][332]LogPlayLevel: PIE: Created PIE world by copying editor world from /Game/FirstPersonBP/Maps/FirstPersonExampleMap.FirstPersonExampleMap to /Game/FirstPersonBP/Maps/UEDPIE_0_FirstPersonExampleMap.FirstPersonExampleMap (0.032923s)
[2017.02.07-23.27.58:139][332]LogInit: XAudio2 using 'Speakers / HP (IDT High Definition Audio CODEC)' : 2 channels at 48 kHz using 16 bits per sample (channel mask 0x3)
[2017.02.07-23.27.58:149][332]LogInit: FAudioDevice initialized.
[2017.02.07-23.27.58:181][332]LogLoad: Game class is 'FirstPersonGameMode_C'
[2017.02.07-23.27.58:184][332]LogWorld: Bringing World /Game/FirstPersonBP/Maps/UEDPIE_0_FirstPersonExampleMap.FirstPersonExampleMap up for play (max tick rate 0) at 2017.02.07-18.27.58
[2017.02.07-23.27.58:185][332]LogWorld: Bringing up level for play took: 0.002427
[2017.02.07-23.27.58:185][332]LogGameMode: Warning - PATHS NOT DEFINED or NO PLAYERSTART with positive rating
[2017.02.07-23.27.58:187][332]LogScriptCore:Warning: Script Msg: Attempted to set an invalid index on array OccupiedResourceLocations [8/7]!
[2017.02.07-23.27.58:187][332]LogScriptCore:Warning: Script Msg: Attempted to access index 8 from array Resource Locations of length 7!
[2017.02.07-23.27.58:187][332]LogScript:Warning: Accessed None trying to read property CallFunc_Array_Get_Item
	FirstPersonExampleMap_C /Game/FirstPersonBP/Maps/UEDPIE_0_FirstPersonExampleMap.FirstPersonExampleMap:PersistentLevel.FirstPersonExampleMap_C_1
	Function /Game/FirstPersonBP/Maps/FirstPersonExampleMap.FirstPersonExampleMap_C:ExecuteUbergraph_FirstPersonExampleMap:0112
[2017.02.07-23.27.58:187][332]PIE:Error: Error Blueprint Runtime Error: Accessed None trying to read property CallFunc_Array_Get_Item from function: 'ExecuteUbergraph_FirstPersonExampleMap' from node: SpawnActor Pick Up in graph: EventGraph in object: FirstPersonExampleMap with description: Accessed None trying to read property CallFunc_Array_Get_Item
[2017.02.07-23.27.58:187][332]LogScriptCore:Warning: Script Msg: Attempted to access index 8 from array Resource Locations of length 7!
[2017.02.07-23.27.58:187][332]LogScript:Warning: Accessed None trying to read property CallFunc_Array_Get_Item
	FirstPersonExampleMap_C /Game/FirstPersonBP/Maps/UEDPIE_0_FirstPersonExampleMap.FirstPersonExampleMap:PersistentLevel.FirstPersonExampleMap_C_1
	Function /Game/FirstPersonBP/Maps/FirstPersonExampleMap.FirstPersonExampleMap_C:ExecuteUbergraph_FirstPersonExampleMap:0066
[2017.02.07-23.27.58:187][332]PIE:Error: Error Blueprint Runtime Error: Accessed None trying to read property CallFunc_Array_Get_Item from function: 'ExecuteUbergraph_FirstPersonExampleMap' from node: SpawnActor Pick Up in graph: EventGraph in object: FirstPersonExampleMap with description: Accessed None trying to read property CallFunc_Array_Get_Item
[2017.02.07-23.27.58:187][332]LogScriptCore:Warning: Script Msg: Attempted to set an invalid index on array OccupiedResourceLocations [8/7]!
[2017.02.07-23.27.58:187][332]LogScriptCore:Warning: Script Msg: Attempted to access index 8 from array Resource Locations of length 7!
[2017.02.07-23.27.58:187][332]LogScript:Warning: Accessed None trying to read property CallFunc_Array_Get_Item
	FirstPersonExampleMap_C /Game/FirstPersonBP/Maps/UEDPIE_0_FirstPersonExampleMap.FirstPersonExampleMap:PersistentLevel.FirstPersonExampleMap_C_1
	Function /Game/FirstPersonBP/Maps/FirstPersonExampleMap.FirstPersonExampleMap_C:ExecuteUbergraph_FirstPersonExampleMap:0112
[2017.02.07-23.27.58:187][332]PIE:Error: Error Blueprint Runtime Error: Accessed None trying to read property CallFunc_Array_Get_Item from function: 'ExecuteUbergraph_FirstPersonExampleMap' from node: SpawnActor Pick Up in graph: EventGraph in object: FirstPersonExampleMap with description: Accessed None trying to read property CallFunc_Array_Get_Item
[2017.02.07-23.27.58:188][332]LogScriptCore:Warning: Script Msg: Attempted to access index 8 from array Resource Locations of length 7!
[2017.02.07-23.27.58:188][332]LogScript:Warning: Accessed None trying to read property CallFunc_Array_Get_Item
	FirstPersonExampleMap_C /Game/FirstPersonBP/Maps/UEDPIE_0_FirstPersonExampleMap.FirstPersonExampleMap:PersistentLevel.FirstPersonExampleMap_C_1
	Function /Game/FirstPersonBP/Maps/FirstPersonExampleMap.FirstPersonExampleMap_C:ExecuteUbergraph_FirstPersonExampleMap:0066
[2017.02.07-23.27.58:188][332]PIE:Error: Error Blueprint Runtime Error: Accessed None trying to read property CallFunc_Array_Get_Item from function: 'ExecuteUbergraph_FirstPersonExampleMap' from node: SpawnActor Pick Up in graph: EventGraph in object: FirstPersonExampleMap with description: Accessed None trying to read property CallFunc_Array_Get_Item
[2017.02.07-23.27.58:188][332]LogScriptCore:Warning: Script Msg: Attempted to access index 7 from array Resource Locations of length 7!
[2017.02.07-23.27.58:188][332]LogScript:Warning: Accessed None trying to read property CallFunc_Array_Get_Item
	FirstPersonExampleMap_C /Game/FirstPersonBP/Maps/UEDPIE_0_FirstPersonExampleMap.FirstPersonExampleMap:PersistentLevel.FirstPersonExampleMap_C_1
	Function /Game/FirstPersonBP/Maps/FirstPersonExampleMap.FirstPersonExampleMap_C:ExecuteUbergraph_FirstPersonExampleMap:0112
[2017.02.07-23.27.58:188][332]PIE:Error: Error Blueprint Runtime Error: Accessed None trying to read property CallFunc_Array_Get_Item from function: 'ExecuteUbergraph_FirstPersonExampleMap' from node: SpawnActor Pick Up in graph: EventGraph in object: FirstPersonExampleMap with description: Accessed None trying to read property CallFunc_Array_Get_Item
[2017.02.07-23.27.58:188][332]LogScriptCore:Warning: Script Msg: Attempted to access index 7 from array Resource Locations of length 7!
[2017.02.07-23.27.58:188][332]LogScript:Warning: Accessed None trying to read property CallFunc_Array_Get_Item
	FirstPersonExampleMap_C /Game/FirstPersonBP/Maps/UEDPIE_0_FirstPersonExampleMap.FirstPersonExampleMap:PersistentLevel.FirstPersonExampleMap_C_1
	Function /Game/FirstPersonBP/Maps/FirstPersonExampleMap.FirstPersonExampleMap_C:ExecuteUbergraph_FirstPersonExampleMap:0066
[2017.02.07-23.27.58:188][332]PIE:Error: Error Blueprint Runtime Error: Accessed None trying to read property CallFunc_Array_Get_Item from function: 'ExecuteUbergraph_FirstPersonExampleMap' from node: SpawnActor Pick Up in graph: EventGraph in object: FirstPersonExampleMap with description: Accessed None trying to read property CallFunc_Array_Get_Item
[2017.02.07-23.27.58:188][332]PIE: Info Play in editor start time for /Game/FirstPersonBP/Maps/UEDPIE_0_FirstPersonExampleMap 0.621
[2017.02.07-23.27.58:188][332]LogBlueprintUserMessages: Late PlayInEditor Detection: Level '/Game/FirstPersonBP/Maps/FirstPersonExampleMap.FirstPersonExampleMap:PersistentLevel' has LevelScriptBlueprint '/Game/FirstPersonBP/Maps/FirstPersonExampleMap.FirstPersonExampleMap:PersistentLevel.FirstPersonExampleMap' with GeneratedClass '/Game/FirstPersonBP/Maps/FirstPersonExampleMap.FirstPersonExampleMap_C' with ClassGeneratedBy '/Game/FirstPersonBP/Maps/FirstPersonExampleMap.FirstPersonExampleMap:PersistentLevel.FirstPersonExampleMap'
[2017.02.07-23.28.10:133][ 18]LogEditorViewport: Clicking on Actor (LMB): StaticMeshActor (Wall3)
[2017.02.07-23.29.24:735][418]Cmd: CAMERA ALIGN ACTIVEVIEWPORTONLY
[2017.02.07-23.29.29:306][589]Cmd: CAMERA ALIGN ACTIVEVIEWPORTONLY
[2017.02.07-23.29.30:357][655]Cmd: CAMERA ALIGN ACTIVEVIEWPORTONLY
[2017.02.07-23.29.31:830][723]LogBlueprintUserMessages: Early EndPlayMap Detection: Level '/Game/FirstPersonBP/Maps/FirstPersonExampleMap.FirstPersonExampleMap:PersistentLevel' has LevelScriptBlueprint '/Game/FirstPersonBP/Maps/FirstPersonExampleMap.FirstPersonExampleMap:PersistentLevel.FirstPersonExampleMap' with GeneratedClass '/Game/FirstPersonBP/Maps/FirstPersonExampleMap.FirstPersonExampleMap_C' with ClassGeneratedBy '/Game/FirstPersonBP/Maps/FirstPersonExampleMap.FirstPersonExampleMap:PersistentLevel.FirstPersonExampleMap'
[2017.02.07-23.29.31:891][723]LogBlueprintUserMessages: Late EndPlayMap Detection: Level '/Game/FirstPersonBP/Maps/FirstPersonExampleMap.FirstPersonExampleMap:PersistentLevel' has LevelScriptBlueprint '/Game/FirstPersonBP/Maps/FirstPersonExampleMap.FirstPersonExampleMap:PersistentLevel.FirstPersonExampleMap' with GeneratedClass '/Game/FirstPersonBP/Maps/FirstPersonExampleMap.FirstPersonExampleMap_C' with ClassGeneratedBy '/Game/FirstPersonBP/Maps/FirstPersonExampleMap.FirstPersonExampleMap:PersistentLevel.FirstPersonExampleMap'
[2017.02.07-23.30.06:368][412]Cmd: CAMERA ALIGN ACTIVEVIEWPORTONLY
[2017.02.07-23.30.07:265][461]Cmd: CAMERA ALIGN ACTIVEVIEWPORTONLY
[2017.02.07-23.30.08:843][540]Cmd: CAMERA ALIGN ACTIVEVIEWPORTONLY
[2017.02.07-23.30.09:647][576]Cmd: CAMERA ALIGN ACTIVEVIEWPORTONLY
[2017.02.07-23.30.14:466][816]Cmd: CAMERA ALIGN ACTIVEVIEWPORTONLY
[2017.02.07-23.30.18:537][ 16]Cmd: CAMERA ALIGN ACTIVEVIEWPORTONLY
[2017.02.07-23.30.25:781][370]Cmd: CAMERA ALIGN ACTIVEVIEWPORTONLY
[2017.02.07-23.30.30:205][572]LogTemp: Repeting last play command: Selected Viewport
[2017.02.07-23.30.30:231][572]LogBlueprintUserMessages: Early PlayInEditor Detection: Level '/Game/FirstPersonBP/Maps/FirstPersonExampleMap.FirstPersonExampleMap:PersistentLevel' has LevelScriptBlueprint '/Game/FirstPersonBP/Maps/FirstPersonExampleMap.FirstPersonExampleMap:PersistentLevel.FirstPersonExampleMap' with GeneratedClass '/Game/FirstPersonBP/Maps/FirstPersonExampleMap.FirstPersonExampleMap_C' with ClassGeneratedBy '/Game/FirstPersonBP/Maps/FirstPersonExampleMap.FirstPersonExampleMap:PersistentLevel.FirstPersonExampleMap'
[2017.02.07-23.30.30:231][572]LogPlayLevel: PlayLevel: No blueprints needed recompiling
[2017.02.07-23.30.30:231][572]PIE: New page: PIE session: FirstPersonExampleMap (Feb 7, 2017, 1:30:30 PM)
[2017.02.07-23.30.30:231][572]LogPlayLevel: Creating play world package: /Game/FirstPersonBP/Maps/UEDPIE_0_FirstPersonExampleMap
[2017.02.07-23.30.30:264][572]LogPlayLevel: PIE: StaticDuplicateObject took: (0.032538s)
[2017.02.07-23.30.30:265][572]LogAIModule: Creating AISystem for world FirstPersonExampleMap
[2017.02.07-23.30.30:265][572]LogPlayLevel: PIE: World Init took: (0.001369s)
[2017.02.07-23.30.30:266][572]LogPlayLevel: PIE: Created PIE world by copying editor world from /Game/FirstPersonBP/Maps/FirstPersonExampleMap.FirstPersonExampleMap to /Game/FirstPersonBP/Maps/UEDPIE_0_FirstPersonExampleMap.FirstPersonExampleMap (0.034260s)
[2017.02.07-23.30.30:292][572]LogInit: XAudio2 using 'Speakers / HP (IDT High Definition Audio CODEC)' : 2 channels at 48 kHz using 16 bits per sample (channel mask 0x3)
[2017.02.07-23.30.30:302][572]LogInit: FAudioDevice initialized.
[2017.02.07-23.30.30:331][572]LogLoad: Game class is 'FirstPersonGameMode_C'
[2017.02.07-23.30.30:334][572]LogWorld: Bringing World /Game/FirstPersonBP/Maps/UEDPIE_0_FirstPersonExampleMap.FirstPersonExampleMap up for play (max tick rate 0) at 2017.02.07-18.30.30
[2017.02.07-23.30.30:335][572]LogWorld: Bringing up level for play took: 0.002489
[2017.02.07-23.30.30:335][572]LogGameMode: Warning - PATHS NOT DEFINED or NO PLAYERSTART with positive rating
[2017.02.07-23.30.30:338][572]PIE: Info Play in editor start time for /Game/FirstPersonBP/Maps/UEDPIE_0_FirstPersonExampleMap 0.769
[2017.02.07-23.30.30:338][572]LogBlueprintUserMessages: Late PlayInEditor Detection: Level '/Game/FirstPersonBP/Maps/FirstPersonExampleMap.FirstPersonExampleMap:PersistentLevel' has LevelScriptBlueprint '/Game/FirstPersonBP/Maps/FirstPersonExampleMap.FirstPersonExampleMap:PersistentLevel.FirstPersonExampleMap' with GeneratedClass '/Game/FirstPersonBP/Maps/FirstPersonExampleMap.FirstPersonExampleMap_C' with ClassGeneratedBy '/Game/FirstPersonBP/Maps/FirstPersonExampleMap.FirstPersonExampleMap:PersistentLevel.FirstPersonExampleMap'
[2017.02.07-23.30.35:220][835]Cmd: CAMERA ALIGN ACTIVEVIEWPORTONLY
[2017.02.07-23.30.36:827][922]Cmd: CAMERA ALIGN ACTIVEVIEWPORTONLY
[2017.02.07-23.30.38:071][979]Cmd: CAMERA ALIGN ACTIVEVIEWPORTONLY
[2017.02.07-23.30.41:135][130]LogBlueprintUserMessages: Early EndPlayMap Detection: Level '/Game/FirstPersonBP/Maps/FirstPersonExampleMap.FirstPersonExampleMap:PersistentLevel' has LevelScriptBlueprint '/Game/FirstPersonBP/Maps/FirstPersonExampleMap.FirstPersonExampleMap:PersistentLevel.FirstPersonExampleMap' with GeneratedClass '/Game/FirstPersonBP/Maps/FirstPersonExampleMap.FirstPersonExampleMap_C' with ClassGeneratedBy '/Game/FirstPersonBP/Maps/FirstPersonExampleMap.FirstPersonExampleMap:PersistentLevel.FirstPersonExampleMap'
[2017.02.07-23.30.41:193][130]LogBlueprintUserMessages: Late EndPlayMap Detection: Level '/Game/FirstPersonBP/Maps/FirstPersonExampleMap.FirstPersonExampleMap:PersistentLevel' has LevelScriptBlueprint '/Game/FirstPersonBP/Maps/FirstPersonExampleMap.FirstPersonExampleMap:PersistentLevel.FirstPersonExampleMap' with GeneratedClass '/Game/FirstPersonBP/Maps/FirstPersonExampleMap.FirstPersonExampleMap_C' with ClassGeneratedBy '/Game/FirstPersonBP/Maps/FirstPersonExampleMap.FirstPersonExampleMap:PersistentLevel.FirstPersonExampleMap'
[2017.02.07-23.32.42:603][ 22]BlueprintLog: New page: Compile FirstPersonExampleMap
[2017.02.07-23.32.44:505][118]LogTemp: Repeting last play command: Selected Viewport
[2017.02.07-23.32.44:528][118]LogBlueprintUserMessages: Early PlayInEditor Detection: Level '/Game/FirstPersonBP/Maps/FirstPersonExampleMap.FirstPersonExampleMap:PersistentLevel' has LevelScriptBlueprint '/Game/FirstPersonBP/Maps/FirstPersonExampleMap.FirstPersonExampleMap:PersistentLevel.FirstPersonExampleMap' with GeneratedClass '/Game/FirstPersonBP/Maps/FirstPersonExampleMap.FirstPersonExampleMap_C' with ClassGeneratedBy '/Game/FirstPersonBP/Maps/FirstPersonExampleMap.FirstPersonExampleMap:PersistentLevel.FirstPersonExampleMap'
[2017.02.07-23.32.44:528][118]LogPlayLevel: PlayLevel: No blueprints needed recompiling
[2017.02.07-23.32.44:529][118]PIE: New page: PIE session: FirstPersonExampleMap (Feb 7, 2017, 1:32:44 PM)
[2017.02.07-23.32.44:529][118]LogPlayLevel: Creating play world package: /Game/FirstPersonBP/Maps/UEDPIE_0_FirstPersonExampleMap
[2017.02.07-23.32.44:562][118]LogPlayLevel: PIE: StaticDuplicateObject took: (0.032881s)
[2017.02.07-23.32.44:562][118]LogAIModule: Creating AISystem for world FirstPersonExampleMap
[2017.02.07-23.32.44:562][118]LogPlayLevel: PIE: World Init took: (0.000942s)
[2017.02.07-23.32.44:563][118]LogPlayLevel: PIE: Created PIE world by copying editor world from /Game/FirstPersonBP/Maps/FirstPersonExampleMap.FirstPersonExampleMap to /Game/FirstPersonBP/Maps/UEDPIE_0_FirstPersonExampleMap.FirstPersonExampleMap (0.034129s)
[2017.02.07-23.32.44:588][118]LogInit: XAudio2 using 'Speakers / HP (IDT High Definition Audio CODEC)' : 2 channels at 48 kHz using 16 bits per sample (channel mask 0x3)
[2017.02.07-23.32.44:599][118]LogInit: FAudioDevice initialized.
[2017.02.07-23.32.44:629][118]LogLoad: Game class is 'FirstPersonGameMode_C'
[2017.02.07-23.32.44:632][118]LogWorld: Bringing World /Game/FirstPersonBP/Maps/UEDPIE_0_FirstPersonExampleMap.FirstPersonExampleMap up for play (max tick rate 0) at 2017.02.07-18.32.44
[2017.02.07-23.32.44:633][118]LogWorld: Bringing up level for play took: 0.002369
[2017.02.07-23.32.44:633][118]LogGameMode: Warning - PATHS NOT DEFINED or NO PLAYERSTART with positive rating
[2017.02.07-23.32.44:635][118]PIE: Info Play in editor start time for /Game/FirstPersonBP/Maps/UEDPIE_0_FirstPersonExampleMap 1.071
[2017.02.07-23.32.44:636][118]LogBlueprintUserMessages: Late PlayInEditor Detection: Level '/Game/FirstPersonBP/Maps/FirstPersonExampleMap.FirstPersonExampleMap:PersistentLevel' has LevelScriptBlueprint '/Game/FirstPersonBP/Maps/FirstPersonExampleMap.FirstPersonExampleMap:PersistentLevel.FirstPersonExampleMap' with GeneratedClass '/Game/FirstPersonBP/Maps/FirstPersonExampleMap.FirstPersonExampleMap_C' with ClassGeneratedBy '/Game/FirstPersonBP/Maps/FirstPersonExampleMap.FirstPersonExampleMap:PersistentLevel.FirstPersonExampleMap'
[2017.02.07-23.32.50:982][500]LogBlueprintUserMessages: Early EndPlayMap Detection: Level '/Game/FirstPersonBP/Maps/FirstPersonExampleMap.FirstPersonExampleMap:PersistentLevel' has LevelScriptBlueprint '/Game/FirstPersonBP/Maps/FirstPersonExampleMap.FirstPersonExampleMap:PersistentLevel.FirstPersonExampleMap' with GeneratedClass '/Game/FirstPersonBP/Maps/FirstPersonExampleMap.FirstPersonExampleMap_C' with ClassGeneratedBy '/Game/FirstPersonBP/Maps/FirstPersonExampleMap.FirstPersonExampleMap:PersistentLevel.FirstPersonExampleMap'
[2017.02.07-23.32.51:028][500]LogBlueprintUserMessages: Late EndPlayMap Detection: Level '/Game/FirstPersonBP/Maps/FirstPersonExampleMap.FirstPersonExampleMap:PersistentLevel' has LevelScriptBlueprint '/Game/FirstPersonBP/Maps/FirstPersonExampleMap.FirstPersonExampleMap:PersistentLevel.FirstPersonExampleMap' with GeneratedClass '/Game/FirstPersonBP/Maps/FirstPersonExampleMap.FirstPersonExampleMap_C' with ClassGeneratedBy '/Game/FirstPersonBP/Maps/FirstPersonExampleMap.FirstPersonExampleMap:PersistentLevel.FirstPersonExampleMap'
[2017.02.07-23.33.12:328][566]LogTemp: Repeting last play command: Selected Viewport
[2017.02.07-23.33.12:353][566]LogBlueprintUserMessages: Early PlayInEditor Detection: Level '/Game/FirstPersonBP/Maps/FirstPersonExampleMap.FirstPersonExampleMap:PersistentLevel' has LevelScriptBlueprint '/Game/FirstPersonBP/Maps/FirstPersonExampleMap.FirstPersonExampleMap:PersistentLevel.FirstPersonExampleMap' with GeneratedClass '/Game/FirstPersonBP/Maps/FirstPersonExampleMap.FirstPersonExampleMap_C' with ClassGeneratedBy '/Game/FirstPersonBP/Maps/FirstPersonExampleMap.FirstPersonExampleMap:PersistentLevel.FirstPersonExampleMap'
[2017.02.07-23.33.12:353][566]LogPlayLevel: PlayLevel: No blueprints needed recompiling
[2017.02.07-23.33.12:353][566]PIE: New page: PIE session: FirstPersonExampleMap (Feb 7, 2017, 1:33:12 PM)
[2017.02.07-23.33.12:353][566]LogPlayLevel: Creating play world package: /Game/FirstPersonBP/Maps/UEDPIE_0_FirstPersonExampleMap
[2017.02.07-23.33.12:386][566]LogPlayLevel: PIE: StaticDuplicateObject took: (0.033526s)
[2017.02.07-23.33.12:387][566]LogAIModule: Creating AISystem for world FirstPersonExampleMap
[2017.02.07-23.33.12:387][566]LogPlayLevel: PIE: World Init took: (0.000913s)
[2017.02.07-23.33.12:388][566]LogPlayLevel: PIE: Created PIE world by copying editor world from /Game/FirstPersonBP/Maps/FirstPersonExampleMap.FirstPersonExampleMap to /Game/FirstPersonBP/Maps/UEDPIE_0_FirstPersonExampleMap.FirstPersonExampleMap (0.034795s)
[2017.02.07-23.33.12:412][566]LogInit: XAudio2 using 'Speakers / HP (IDT High Definition Audio CODEC)' : 2 channels at 48 kHz using 16 bits per sample (channel mask 0x3)
[2017.02.07-23.33.12:422][566]LogInit: FAudioDevice initialized.
[2017.02.07-23.33.12:451][566]LogLoad: Game class is 'FirstPersonGameMode_C'
[2017.02.07-23.33.12:454][566]LogWorld: Bringing World /Game/FirstPersonBP/Maps/UEDPIE_0_FirstPersonExampleMap.FirstPersonExampleMap up for play (max tick rate 0) at 2017.02.07-18.33.12
[2017.02.07-23.33.12:455][566]LogWorld: Bringing up level for play took: 0.002458
[2017.02.07-23.33.12:455][566]LogGameMode: Warning - PATHS NOT DEFINED or NO PLAYERSTART with positive rating
[2017.02.07-23.33.12:458][566]PIE: Info Play in editor start time for /Game/FirstPersonBP/Maps/UEDPIE_0_FirstPersonExampleMap 0.896
[2017.02.07-23.33.12:458][566]LogBlueprintUserMessages: Late PlayInEditor Detection: Level '/Game/FirstPersonBP/Maps/FirstPersonExampleMap.FirstPersonExampleMap:PersistentLevel' has LevelScriptBlueprint '/Game/FirstPersonBP/Maps/FirstPersonExampleMap.FirstPersonExampleMap:PersistentLevel.FirstPersonExampleMap' with GeneratedClass '/Game/FirstPersonBP/Maps/FirstPersonExampleMap.FirstPersonExampleMap_C' with ClassGeneratedBy '/Game/FirstPersonBP/Maps/FirstPersonExampleMap.FirstPersonExampleMap:PersistentLevel.FirstPersonExampleMap'
[2017.02.07-23.33.31:097][244]Cmd: CAMERA ALIGN ACTIVEVIEWPORTONLY
[2017.02.07-23.33.32:668][319]Cmd: CAMERA ALIGN ACTIVEVIEWPORTONLY
[2017.02.07-23.33.34:080][390]Cmd: CAMERA ALIGN ACTIVEVIEWPORTONLY
[2017.02.07-23.33.36:899][524]Cmd: CAMERA ALIGN ACTIVEVIEWPORTONLY
[2017.02.07-23.33.38:240][591]Cmd: CAMERA ALIGN ACTIVEVIEWPORTONLY
[2017.02.07-23.33.39:906][675]Cmd: CAMERA ALIGN ACTIVEVIEWPORTONLY
[2017.02.07-23.33.43:700][825]LogBlueprintUserMessages: Early EndPlayMap Detection: Level '/Game/FirstPersonBP/Maps/FirstPersonExampleMap.FirstPersonExampleMap:PersistentLevel' has LevelScriptBlueprint '/Game/FirstPersonBP/Maps/FirstPersonExampleMap.FirstPersonExampleMap:PersistentLevel.FirstPersonExampleMap' with GeneratedClass '/Game/FirstPersonBP/Maps/FirstPersonExampleMap.FirstPersonExampleMap_C' with ClassGeneratedBy '/Game/FirstPersonBP/Maps/FirstPersonExampleMap.FirstPersonExampleMap:PersistentLevel.FirstPersonExampleMap'
[2017.02.07-23.33.43:755][825]LogBlueprintUserMessages: Late EndPlayMap Detection: Level '/Game/FirstPersonBP/Maps/FirstPersonExampleMap.FirstPersonExampleMap:PersistentLevel' has LevelScriptBlueprint '/Game/FirstPersonBP/Maps/FirstPersonExampleMap.FirstPersonExampleMap:PersistentLevel.FirstPersonExampleMap' with GeneratedClass '/Game/FirstPersonBP/Maps/FirstPersonExampleMap.FirstPersonExampleMap_C' with ClassGeneratedBy '/Game/FirstPersonBP/Maps/FirstPersonExampleMap.FirstPersonExampleMap:PersistentLevel.FirstPersonExampleMap'
[2017.02.07-23.41.29:220][891]LogSavePackage: Save=277.65ms
[2017.02.07-23.41.29:220][891]LogSavePackage: Moving '../../../../../../Users/jgonzale5/Documents/Unreal Projects/FrostLine/Saved/FirstPersonExampleMap_Auto1E2B2042E4FF058DD3EFEF6A1614BBB5F.tmp' to '../../../../../../Users/jgonzale5/Documents/Unreal Projects/FrostLine/Saved/Autosaves/Game/FirstPersonBP/Maps/FirstPersonExampleMap_Auto1.umap'
[2017.02.07-23.41.29:222][891]LogSavePackage:Display: Finished SavePackage ../../../../../../Users/jgonzale5/Documents/Unreal Projects/FrostLine/Saved/Autosaves/Game/FirstPersonBP/Maps/FirstPersonExampleMap_Auto1.umap
[2017.02.07-23.41.29:224][891]LogFileHelpers: Editor autosave (incl. sublevels) for '/Game/FirstPersonBP/Maps/FirstPersonExampleMap' took 0.382
[2017.02.07-23.41.29:224][891]LogFileHelpers: Editor autosave (incl. sublevels) for all levels took 0.382
[2017.02.07-23.47.11:909][125]LogEditorTransaction: Undo Add Node
[2017.02.07-23.47.54:936][402]LogEditorTransaction: Undo Add Node
[2017.02.07-23.48.12:841][219]LogEditorTransaction: Undo Create Pin Link
[2017.02.07-23.48.13:332][231]LogEditorTransaction: Undo Move Node
[2017.02.07-23.48.13:821][249]LogEditorTransaction: Undo Add Node
[2017.02.07-23.48.44:162][970]LogEditorTransaction: Undo Add Node
[2017.02.07-23.51.57:460][156]LogSavePackage: Save=380.68ms
[2017.02.07-23.51.57:460][156]LogSavePackage: Moving '../../../../../../Users/jgonzale5/Documents/Unreal Projects/FrostLine/Saved/FirstPersonExampleMap_Auto25BD2B935480F30E880E4D894B14F223F.tmp' to '../../../../../../Users/jgonzale5/Documents/Unreal Projects/FrostLine/Saved/Autosaves/Game/FirstPersonBP/Maps/FirstPersonExampleMap_Auto2.umap'
[2017.02.07-23.51.57:461][156]LogSavePackage:Display: Finished SavePackage ../../../../../../Users/jgonzale5/Documents/Unreal Projects/FrostLine/Saved/Autosaves/Game/FirstPersonBP/Maps/FirstPersonExampleMap_Auto2.umap
[2017.02.07-23.51.57:464][156]LogFileHelpers: Editor autosave (incl. sublevels) for '/Game/FirstPersonBP/Maps/FirstPersonExampleMap' took 0.490
[2017.02.07-23.51.57:464][156]LogFileHelpers: Editor autosave (incl. sublevels) for all levels took 0.490
[2017.02.07-23.53.32:413][458]LogEditorTransaction: Undo Create Pin Link
[2017.02.07-23.53.33:490][493]LogEditorTransaction: Undo Create Pin Link
[2017.02.07-23.53.34:551][534]LogEditorTransaction: Undo Move Node
[2017.02.07-23.53.35:309][564]LogEditorTransaction: Undo Change Number Pin Value
[2017.02.07-23.53.36:119][592]LogEditorTransaction: Undo Change Number Pin Value
[2017.02.07-23.54.31:868][ 19]BlueprintLog: New page: Compile Pick_Up
[2017.02.07-23.56.23:565][596]BlueprintLog: New page: Compile Pick_Up
[2017.02.07-23.58.24:441][130]BlueprintLog: New page: Compile FirstPersonExampleMap
[2017.02.07-23.58.24:574][130]BlueprintEditorCompileResults: Info The execution path doesn't end with a return node.  <
[2017.02.07-23.58.24:574][130]BlueprintEditorCompileResults: Info The execution path doesn't end with a return node.  ==
[2017.02.07-23.59.21:099][675]LogEditorTransaction: Undo Create Pin Link
[2017.02.07-23.59.44:382][660]Cmd: OBJ SAVEPACKAGE PACKAGE="/Game/Blueprints/Pick_Up" FILE="../../../../../../Users/jgonzale5/Documents/Unreal Projects/FrostLine/Content/Blueprints/Pick_Up.uasset" SILENT=true
[2017.02.07-23.59.44:433][660]LogSavePackage: Save=38.04ms
[2017.02.07-23.59.44:433][660]LogSavePackage: Moving '../../../../../../Users/jgonzale5/Documents/Unreal Projects/FrostLine/Saved/Pick_Up72836E24405E0D10AF8BB79C9F676077.tmp' to '../../../../../../Users/jgonzale5/Documents/Unreal Projects/FrostLine/Content/Blueprints/Pick_Up.uasset'
[2017.02.07-23.59.44:436][660]LogSavePackage:Display: Finished SavePackage ../../../../../../Users/jgonzale5/Documents/Unreal Projects/FrostLine/Content/Blueprints/Pick_Up.uasset
[2017.02.08-00.00.06:386][353]Cmd: OBJ SAVEPACKAGE PACKAGE="/Game/Blueprints/Pick_Up" FILE="../../../../../../Users/jgonzale5/Documents/Unreal Projects/FrostLine/Content/Blueprints/Pick_Up.uasset" SILENT=true
[2017.02.08-00.00.06:429][353]LogSavePackage: Save=37.55ms
[2017.02.08-00.00.06:429][353]LogSavePackage: Moving '../../../../../../Users/jgonzale5/Documents/Unreal Projects/FrostLine/Saved/Pick_UpA3C251A844F16B472948E98540ECF5EC.tmp' to '../../../../../../Users/jgonzale5/Documents/Unreal Projects/FrostLine/Content/Blueprints/Pick_Up.uasset'
[2017.02.08-00.00.06:431][353]LogSavePackage:Display: Finished SavePackage ../../../../../../Users/jgonzale5/Documents/Unreal Projects/FrostLine/Content/Blueprints/Pick_Up.uasset
[2017.02.08-00.00.06:765][369]BlueprintLog: New page: Compile Pick_Up
[2017.02.08-00.00.09:723][465]BlueprintLog: New page: Compile FirstPersonExampleMap
[2017.02.08-00.00.49:393][749]BlueprintLog: New page: Compile Pick_Up
[2017.02.08-00.00.50:157][765]Cmd: OBJ SAVEPACKAGE PACKAGE="/Game/Blueprints/Pick_Up" FILE="../../../../../../Users/jgonzale5/Documents/Unreal Projects/FrostLine/Content/Blueprints/Pick_Up.uasset" SILENT=true
[2017.02.08-00.00.50:198][765]LogSavePackage: Save=35.97ms
[2017.02.08-00.00.50:198][765]LogSavePackage: Moving '../../../../../../Users/jgonzale5/Documents/Unreal Projects/FrostLine/Saved/Pick_Up7E8B21F7492A369573665BA163D0E160.tmp' to '../../../../../../Users/jgonzale5/Documents/Unreal Projects/FrostLine/Content/Blueprints/Pick_Up.uasset'
[2017.02.08-00.00.50:200][765]LogSavePackage:Display: Finished SavePackage ../../../../../../Users/jgonzale5/Documents/Unreal Projects/FrostLine/Content/Blueprints/Pick_Up.uasset
[2017.02.08-00.00.59:413][148]BlueprintLog: New page: Compile FirstPersonExampleMap
[2017.02.08-00.01.04:165][289]LogSavePackage: Save=286.03ms
[2017.02.08-00.01.04:166][289]LogSavePackage: Moving '../../../../../../Users/jgonzale5/Documents/Unreal Projects/FrostLine/Saved/FirstPersonExampleMap9F23E7E240A3E5FD47404C966C8A1AC7.tmp' to '../../../../../../Users/jgonzale5/Documents/Unreal Projects/FrostLine/Content/FirstPersonBP/Maps/FirstPersonExampleMap.umap'
[2017.02.08-00.01.04:169][289]LogSavePackage:Display: Finished SavePackage ../../../../../../Users/jgonzale5/Documents/Unreal Projects/FrostLine/Content/FirstPersonBP/Maps/FirstPersonExampleMap.umap
